#
# A fatal error has been detected by the Java Runtime Environment:
#
#  EXCEPTION_ACCESS_VIOLATION (0xc0000005) at pc=0x00007ffbd536b123, pid=24692, tid=26172
#
# JRE version: OpenJDK Runtime Environment (21.0.6) (build 21.0.6+-13355223-b631.42)
# Java VM: OpenJDK 64-Bit Server VM (21.0.6+-13355223-b631.42, mixed mode, tiered, compressed oops, compressed class ptrs, g1 gc, windows-amd64)
# Problematic frame:
# V  [jvm.dll+0x3bb123]
#
# No core dump will be written. Minidumps are not enabled by default on client versions of Windows
#
# If you would like to submit a bug report, please visit:
#   https://youtrack.jetbrains.com/issues/JBR
#

---------------  S U M M A R Y ------------

Command Line: -DkotlinLanguageServer.version=1.3.13 org.javacs.kt.MainKt

Host: AMD Ryzen 9 5900X 12-Core Processor            , 24 cores, 15G,  Windows 11 , 64 bit Build 26100 (10.0.26100.3912)
Time: Tue May 27 20:19:21 2025 Hora de verano romance elapsed time: 8.162206 seconds (0d 0h 0m 8s)

---------------  T H R E A D  ---------------

Current thread (0x000001a5690ed000):  JavaThread "C2 CompilerThread6" daemon [_thread_in_native, id=26172, stack(0x0000008ae7e00000,0x0000008ae7f00000) (1024K)]


Current CompileTask:
C2:8162 17580       4       org.jetbrains.kotlin.load.java.typeEnhancement.JavaTypeEnhancement::enhanceInflexible (1014 bytes)

Stack: [0x0000008ae7e00000,0x0000008ae7f00000],  sp=0x0000008ae7efc630,  free space=1009k
Native frames: (J=compiled Java code, j=interpreted, Vv=VM code, C=native code)
V  [jvm.dll+0x3bb123]
V  [jvm.dll+0x3b48dd]
V  [jvm.dll+0x1de8a6]
V  [jvm.dll+0x247dd4]
V  [jvm.dll+0x247251]
V  [jvm.dll+0x1c5f04]
V  [jvm.dll+0x2569ac]
V  [jvm.dll+0x254ef6]
V  [jvm.dll+0x3f0e56]
V  [jvm.dll+0x806e48]
V  [jvm.dll+0x6cee7d]
C  [ucrtbase.dll+0x37b0]
C  [KERNEL32.DLL+0x2e8d7]
C  [ntdll.dll+0x9c5dc]


siginfo: EXCEPTION_ACCESS_VIOLATION (0xc0000005), reading address 0x00007ffbd7b460e0


Registers:
RAX=0x000001a5738aca80, RBX=0x0000008ae7efc750, RCX=0x000001a5738aca00, RDX=0x0000000000000034
RSP=0x0000008ae7efc630, RBP=0x0000008ae7efe1d0, RSI=0x0000000000000060, RDI=0x000000000000000c
R8 =0x000000000000001b, R9 =0x0000008ae7efc8d0, R10=0x0000000000000003, R11=0x000001a5738aca20
R12=0x000001a56af04d30, R13=0x00007ffbd5b460e0, R14=0x00007ffbd7b460e0, R15=0x000001a5759b6310
RIP=0x00007ffbd536b123, EFLAGS=0x0000000000010206

XMM[0]=0x0000000000000000 0x0000000000000000
XMM[1]=0x0000000000000000 0x0000000000000000
XMM[2]=0x0000000000000000 0x0000000000000000
XMM[3]=0x0000000000000000 0x0000000000000000
XMM[4]=0x0000000000000000 0x0000000000000000
XMM[5]=0x0000000000000000 0x0000000000000000
XMM[6]=0x0000000000000000 0x0000000000000000
XMM[7]=0x0000000000000000 0x0000000000000000
XMM[8]=0x0000000000000000 0x0000000000000000
XMM[9]=0x0000000000000000 0x0000000000000000
XMM[10]=0x0000000000000000 0x0000000000000000
XMM[11]=0x0000000000000000 0x0000000000000000
XMM[12]=0x0000000000000000 0x0000000000000000
XMM[13]=0x0000000000000000 0x0000000000000000
XMM[14]=0x0000000000000000 0x0000000000000000
XMM[15]=0x0000000000000000 0x0000000000000000
  MXCSR=0x00001fa0


Register to memory mapping:

RAX=0x000001a5738aca80 points into unknown readable memory: 0x000001a5738aca60 | 60 ca 8a 73 a5 01 00 00
RBX=0x0000008ae7efc750 is pointing into the stack for thread: 0x000001a5690ed000
RCX=0x000001a5738aca00 points into unknown readable memory: 0x0000000000000000 | 00 00 00 00 00 00 00 00
RDX=0x0000000000000034 is an unknown value
RSP=0x0000008ae7efc630 is pointing into the stack for thread: 0x000001a5690ed000
RBP=0x0000008ae7efe1d0 is pointing into the stack for thread: 0x000001a5690ed000
RSI=0x0000000000000060 is an unknown value
RDI=0x000000000000000c is an unknown value
R8 =0x000000000000001b is an unknown value
R9 =0x0000008ae7efc8d0 is pointing into the stack for thread: 0x000001a5690ed000
R10=0x0000000000000003 is an unknown value
R11=0x000001a5738aca20 points into unknown readable memory: 0x0000000000000080 | 80 00 00 00 00 00 00 00
R12=0x000001a56af04d30 points into unknown readable memory: 0x000001a569221570 | 70 15 22 69 a5 01 00 00
R13=0x00007ffbd5b460e0 jvm.dll
R14=0x00007ffbd7b460e0 is an unknown value
R15=0x000001a5759b6310 points into unknown readable memory: 0x0000000000000000 | 00 00 00 00 00 00 00 00

Top of Stack: (sp=0x0000008ae7efc630)
0x0000008ae7efc630:   0000000000000000 0000000100000a07
0x0000008ae7efc640:   0000000c0000000b 000001a5738aca00
0x0000008ae7efc650:   0000000000000009 0000000000000000
0x0000008ae7efc660:   0000000000000001 0000008ae7efc780
0x0000008ae7efc670:   0000008ae7efcce0 00007ffbd53648dd
0x0000008ae7efc680:   000001a56a2574b0 0000000000000000
0x0000008ae7efc690:   0000000000000009 00007ffc347b2891
0x0000008ae7efc6a0:   0000008ae7efc6c0 00007ffb00000006
0x0000008ae7efc6b0:   00000001fffffff9 000001a500000009
0x0000008ae7efc6c0:   0000000900000000 0000000e00000000
0x0000008ae7efc6d0:   0000000000000000 0000000900000000
0x0000008ae7efc6e0:   0000000d00000001 00007ffb00000000
0x0000008ae7efc6f0:   000001a500000008 000001a56a2574b0
0x0000008ae7efc700:   0000000000000485 0000000000000000
0x0000008ae7efc710:   0000000000000000 0000000200000b7a
0x0000008ae7efc720:   0000000c0000000c 000001a5738aca00
0x0000008ae7efc730:   000001a5738adbc8 0000008ae7efc750
0x0000008ae7efc740:   000001a56a257d9c 000001a56a257da4
0x0000008ae7efc750:   0000000000000000 000001a5738adca0
0x0000008ae7efc760:   0000000000000054 00000000000002a0
0x0000008ae7efc770:   000001a573e598a0 00000000000004ea
0x0000008ae7efc780:   000001a573e598a0 00007ffbd558b32a
0x0000008ae7efc790:   000000000000001a 0000008ae7efc839
0x0000008ae7efc7a0:   0000000000000000 0000008ae7efc839
0x0000008ae7efc7b0:   0000008ae7efc828 00007ffbd57ca570
0x0000008ae7efc7c0:   000001a56af04d30 00000000000002a0
0x0000008ae7efc7d0:   000001a500000010 000001a56b727610
0x0000008ae7efc7e0:   000001a50000001b 000001a500000000
0x0000008ae7efc7f0:   000001a569220000 0000000000000000
0x0000008ae7efc800:   000001a56b727610 000001a573e59800
0x0000008ae7efc810:   0000000000194370 00007ffbd5929a28
0x0000008ae7efc820:   0000000000000000 0000000000000000 

Instructions: (pc=0x00007ffbd536b123)
0x00007ffbd536b023:   00 48 8b 4c 3d 00 41 8b d0 48 c1 e2 03 48 8b 81
0x00007ffbd536b033:   60 06 00 00 48 8b 88 80 00 00 00 4c 8b 89 d0 08
0x00007ffbd536b043:   00 00 49 8b 49 18 49 8b 41 20 48 2b c1 48 3b c2
0x00007ffbd536b053:   72 0a 48 8d 04 11 49 89 41 18 eb 0e 45 33 c0 49
0x00007ffbd536b063:   8b c9 e8 36 53 d0 ff 48 8b c8 44 8b 83 90 00 00
0x00007ffbd536b073:   00 ba 34 00 00 00 33 ff 48 89 4b 08 45 85 c0 0f
0x00007ffbd536b083:   84 d5 00 00 00 65 48 8b 04 25 58 00 00 00 4c 89
0x00007ffbd536b093:   64 24 50 4c 89 6c 24 58 4c 8d 2d 3e b0 7d 00 4c
0x00007ffbd536b0a3:   89 74 24 60 4c 8d 24 f0 0f 1f 44 00 00 49 8b 47
0x00007ffbd536b0b3:   08 48 8d 34 fd 00 00 00 00 4c 8b 34 06 4d 3b f5
0x00007ffbd536b0c3:   75 0a 48 8b 43 08 4c 89 2c 06 eb 6c 49 8b 2c 24
0x00007ffbd536b0d3:   8b c2 80 3c 28 00 75 05 e8 90 38 4d 00 b8 20 00
0x00007ffbd536b0e3:   00 00 48 8b 0c 28 48 8b 81 60 06 00 00 48 8b a8
0x00007ffbd536b0f3:   80 00 00 00 48 8b 8d d8 08 00 00 48 85 c9 75 0c
0x00007ffbd536b103:   e8 78 0b 00 00 48 8b 8d d8 08 00 00 48 8b 01 0f
0x00007ffbd536b113:   57 c0 48 89 85 d8 08 00 00 0f 11 01 0f 11 41 10
0x00007ffbd536b123:   41 0f 10 06 0f 11 01 41 0f 10 4e 10 0f 11 49 10
0x00007ffbd536b133:   48 8b 43 08 48 89 0c 06 ff c7 ba 34 00 00 00 3b
0x00007ffbd536b143:   bb 90 00 00 00 0f 82 62 ff ff ff 4c 8b 74 24 60
0x00007ffbd536b153:   4c 8b 6c 24 58 4c 8b 64 24 50 48 8b c3 48 83 c4
0x00007ffbd536b163:   20 41 5f 5f 5e 5d 5b c3 cc cc cc cc cc 40 53 48
0x00007ffbd536b173:   83 ec 20 8b 51 0c 48 8b d9 83 fa 04 73 2a 4c 8b
0x00007ffbd536b183:   59 18 66 66 66 0f 1f 84 00 00 00 00 00 44 8b d2
0x00007ffbd536b193:   44 8d 4a 01 4b 83 3c d3 00 0f 85 8f 00 00 00 41
0x00007ffbd536b1a3:   8b d1 41 83 f9 04 72 e5 48 89 74 24 30 48 89 7c
0x00007ffbd536b1b3:   24 38 8b 79 10 3b 79 14 73 62 48 8d 35 1c af 7d
0x00007ffbd536b1c3:   00 0f 1f 40 00 0f 1f 84 00 00 00 00 00 48 8b 43
0x00007ffbd536b1d3:   20 8b cf 48 8b 14 c8 48 3b d6 74 39 33 c0 48 89
0x00007ffbd536b1e3:   53 18 33 c9 66 0f 1f 84 00 00 00 00 00 48 83 3c
0x00007ffbd536b1f3:   11 00 44 8d 48 01 75 6f 48 83 c1 08 41 8b c1 41
0x00007ffbd536b203:   83 f9 04 72 e8 48 8b 4b 28 48 85 c9 74 07 8b d7
0x00007ffbd536b213:   e8 58 01 00 00 ff c7 3b 7b 14 72 b1 48 8b 74 24 


Stack slot to memory mapping:

stack at sp + 0 slots: 0x0 is null
stack at sp + 1 slots: 0x0000000100000a07 is an unknown value
stack at sp + 2 slots: 0x0000000c0000000b is an unknown value
stack at sp + 3 slots: 0x000001a5738aca00 points into unknown readable memory: 0x0000000000000000 | 00 00 00 00 00 00 00 00
stack at sp + 4 slots: 0x0000000000000009 is an unknown value
stack at sp + 5 slots: 0x0 is null
stack at sp + 6 slots: 0x0000000000000001 is an unknown value
stack at sp + 7 slots: 0x0000008ae7efc780 is pointing into the stack for thread: 0x000001a5690ed000


---------------  P R O C E S S  ---------------

Threads class SMR info:
_java_thread_list=0x000001a56d8cdc10, length=26, elements={
0x000001a55fddcc60, 0x000001a55fdde8c0, 0x000001a55fdf7520, 0x000001a55fdec010,
0x000001a55fded200, 0x000001a55fdf0400, 0x000001a55fe18550, 0x000001a55fe20780,
0x000001a55fe20e50, 0x000001a55ffbb3f0, 0x000001a55ffc94b0, 0x000001a55fe21520,
0x000001a55fe21bf0, 0x000001a55fe222c0, 0x000001a55fe200b0, 0x000001a5690ee470,
0x000001a56bf24a20, 0x000001a542392ce0, 0x000001a56beac470, 0x000001a56b72cb60,
0x000001a5690ec930, 0x000001a5690eb4c0, 0x000001a5690ed000, 0x000001a5690f0d50,
0x000001a56b927490, 0x000001a56b926e00
}

Java Threads: ( => current thread )
  0x000001a55fddcc60 JavaThread "Reference Handler"          daemon [_thread_blocked, id=9492, stack(0x0000008ae5400000,0x0000008ae5500000) (1024K)]
  0x000001a55fdde8c0 JavaThread "Finalizer"                  daemon [_thread_blocked, id=22000, stack(0x0000008ae5500000,0x0000008ae5600000) (1024K)]
  0x000001a55fdf7520 JavaThread "Signal Dispatcher"          daemon [_thread_blocked, id=18812, stack(0x0000008ae5600000,0x0000008ae5700000) (1024K)]
  0x000001a55fdec010 JavaThread "Attach Listener"            daemon [_thread_blocked, id=24588, stack(0x0000008ae5700000,0x0000008ae5800000) (1024K)]
  0x000001a55fded200 JavaThread "Service Thread"             daemon [_thread_blocked, id=1940, stack(0x0000008ae5800000,0x0000008ae5900000) (1024K)]
  0x000001a55fdf0400 JavaThread "Monitor Deflation Thread"   daemon [_thread_blocked, id=9048, stack(0x0000008ae5900000,0x0000008ae5a00000) (1024K)]
  0x000001a55fe18550 JavaThread "C2 CompilerThread0"         daemon [_thread_in_native, id=27020, stack(0x0000008ae5a00000,0x0000008ae5b00000) (1024K)]
  0x000001a55fe20780 JavaThread "C1 CompilerThread0"         daemon [_thread_blocked, id=24200, stack(0x0000008ae5b00000,0x0000008ae5c00000) (1024K)]
  0x000001a55fe20e50 JavaThread "C1 CompilerThread1"         daemon [_thread_blocked, id=18492, stack(0x0000008ae5c00000,0x0000008ae5d00000) (1024K)]
  0x000001a55ffbb3f0 JavaThread "Notification Thread"        daemon [_thread_blocked, id=4892, stack(0x0000008ae5d00000,0x0000008ae5e00000) (1024K)]
  0x000001a55ffc94b0 JavaThread "Common-Cleaner"             daemon [_thread_blocked, id=23612, stack(0x0000008ae5e00000,0x0000008ae5f00000) (1024K)]
  0x000001a55fe21520 JavaThread "C2 CompilerThread1"         daemon [_thread_in_vm, id=18924, stack(0x0000008ae5f00000,0x0000008ae6000000) (1024K)]
  0x000001a55fe21bf0 JavaThread "C1 CompilerThread2"         daemon [_thread_blocked, id=15836, stack(0x0000008ae6000000,0x0000008ae6100000) (1024K)]
  0x000001a55fe222c0 JavaThread "C1 CompilerThread3"         daemon [_thread_blocked, id=8888, stack(0x0000008ae6100000,0x0000008ae6200000) (1024K)]
  0x000001a55fe200b0 JavaThread "C2 CompilerThread2"         daemon [_thread_blocked, id=396, stack(0x0000008ae6e00000,0x0000008ae6f00000) (1024K)]
  0x000001a5690ee470 JavaThread "C2 CompilerThread3"         daemon [_thread_blocked, id=21052, stack(0x0000008ae7500000,0x0000008ae7600000) (1024K)]
  0x000001a56bf24a20 JavaThread "client"                            [_thread_in_native, id=19696, stack(0x0000008ae7700000,0x0000008ae7800000) (1024K)]
  0x000001a542392ce0 JavaThread "DestroyJavaVM"                     [_thread_blocked, id=7828, stack(0x0000008ae4c00000,0x0000008ae4d00000) (1024K)]
  0x000001a56beac470 JavaThread "async0"                            [_thread_blocked, id=26344, stack(0x0000008ae7a00000,0x0000008ae7b00000) (1024K)]
  0x000001a56b72cb60 JavaThread "async1"                            [_thread_blocked, id=25380, stack(0x0000008ae7b00000,0x0000008ae7c00000) (1024K)]
  0x000001a5690ec930 JavaThread "C2 CompilerThread4"         daemon [_thread_blocked, id=11584, stack(0x0000008ae7c00000,0x0000008ae7d00000) (1024K)]
  0x000001a5690eb4c0 JavaThread "C2 CompilerThread5"         daemon [_thread_in_native, id=23936, stack(0x0000008ae7d00000,0x0000008ae7e00000) (1024K)]
=>0x000001a5690ed000 JavaThread "C2 CompilerThread6"         daemon [_thread_in_native, id=26172, stack(0x0000008ae7e00000,0x0000008ae7f00000) (1024K)]
  0x000001a5690f0d50 JavaThread "C2 CompilerThread7"         daemon [_thread_blocked, id=6748, stack(0x0000008ae7f00000,0x0000008ae8000000) (1024K)]
  0x000001a56b927490 JavaThread "debounce0"                         [_thread_in_Java, id=26152, stack(0x0000008ae8000000,0x0000008ae8100000) (1024K)]
  0x000001a56b926e00 JavaThread "async2"                            [_thread_blocked, id=4268, stack(0x0000008ae8100000,0x0000008ae8200000) (1024K)]
Total: 26

Other Threads:
  0x000001a55f54b870 VMThread "VM Thread"                           [id=24544, stack(0x0000008ae5300000,0x0000008ae5400000) (1024K)]
  0x000001a55fd61270 WatcherThread "VM Periodic Task Thread"        [id=3624, stack(0x0000008ae5200000,0x0000008ae5300000) (1024K)]
  0x000001a544842330 WorkerThread "GC Thread#0"                     [id=23100, stack(0x0000008ae4d00000,0x0000008ae4e00000) (1024K)]
  0x000001a565258780 WorkerThread "GC Thread#1"                     [id=532, stack(0x0000008ae6200000,0x0000008ae6300000) (1024K)]
  0x000001a565258b20 WorkerThread "GC Thread#2"                     [id=27008, stack(0x0000008ae6300000,0x0000008ae6400000) (1024K)]
  0x000001a5609993a0 WorkerThread "GC Thread#3"                     [id=6816, stack(0x0000008ae6400000,0x0000008ae6500000) (1024K)]
  0x000001a5655ca360 WorkerThread "GC Thread#4"                     [id=9484, stack(0x0000008ae6500000,0x0000008ae6600000) (1024K)]
  0x000001a5652518e0 WorkerThread "GC Thread#5"                     [id=23588, stack(0x0000008ae6600000,0x0000008ae6700000) (1024K)]
  0x000001a565054f70 WorkerThread "GC Thread#6"                     [id=2160, stack(0x0000008ae6700000,0x0000008ae6800000) (1024K)]
  0x000001a565a088f0 WorkerThread "GC Thread#7"                     [id=18324, stack(0x0000008ae6800000,0x0000008ae6900000) (1024K)]
  0x000001a565a08c90 WorkerThread "GC Thread#8"                     [id=12228, stack(0x0000008ae6900000,0x0000008ae6a00000) (1024K)]
  0x000001a565d2dab0 WorkerThread "GC Thread#9"                     [id=21192, stack(0x0000008ae6f00000,0x0000008ae7000000) (1024K)]
  0x000001a565d2e1f0 WorkerThread "GC Thread#10"                    [id=25476, stack(0x0000008ae7000000,0x0000008ae7100000) (1024K)]
  0x000001a565d2af30 WorkerThread "GC Thread#11"                    [id=14260, stack(0x0000008ae7100000,0x0000008ae7200000) (1024K)]
  0x000001a565d2ba10 WorkerThread "GC Thread#12"                    [id=17436, stack(0x0000008ae7200000,0x0000008ae7300000) (1024K)]
  0x000001a565d2d370 WorkerThread "GC Thread#13"                    [id=14112, stack(0x0000008ae7300000,0x0000008ae7400000) (1024K)]
  0x000001a565d2de50 WorkerThread "GC Thread#14"                    [id=9108, stack(0x0000008ae7400000,0x0000008ae7500000) (1024K)]
  0x000001a565d2d710 WorkerThread "GC Thread#15"                    [id=14048, stack(0x0000008ae7800000,0x0000008ae7900000) (1024K)]
  0x000001a56cbcfc10 WorkerThread "GC Thread#16"                    [id=25336, stack(0x0000008ae7900000,0x0000008ae7a00000) (1024K)]
  0x000001a56cbce9f0 WorkerThread "GC Thread#17"                    [id=22740, stack(0x0000008ae7600000,0x0000008ae7700000) (1024K)]
  0x000001a544854850 ConcurrentGCThread "G1 Main Marker"            [id=20576, stack(0x0000008ae4e00000,0x0000008ae4f00000) (1024K)]
  0x000001a544855af0 WorkerThread "G1 Conc#0"                       [id=13152, stack(0x0000008ae4f00000,0x0000008ae5000000) (1024K)]
  0x000001a565954b20 WorkerThread "G1 Conc#1"                       [id=23364, stack(0x0000008ae6a00000,0x0000008ae6b00000) (1024K)]
  0x000001a5659543e0 WorkerThread "G1 Conc#2"                       [id=20180, stack(0x0000008ae6b00000,0x0000008ae6c00000) (1024K)]
  0x000001a565955260 WorkerThread "G1 Conc#3"                       [id=18888, stack(0x0000008ae6c00000,0x0000008ae6d00000) (1024K)]
  0x000001a565954780 WorkerThread "G1 Conc#4"                       [id=3160, stack(0x0000008ae6d00000,0x0000008ae6e00000) (1024K)]
  0x000001a55f4331b0 ConcurrentGCThread "G1 Refine#0"               [id=14080, stack(0x0000008ae5000000,0x0000008ae5100000) (1024K)]
  0x000001a55f433d20 ConcurrentGCThread "G1 Service"                [id=21740, stack(0x0000008ae5100000,0x0000008ae5200000) (1024K)]
Total: 28

Threads with active compile tasks:
C2 CompilerThread0  8216 17744       4       org.jetbrains.kotlin.serialization.deserialization.TypeDeserializer::typeConstructor (338 bytes)
C2 CompilerThread1  8216 17743       4       org.jetbrains.kotlin.serialization.deserialization.TypeDeserializer::simpleType (625 bytes)
C2 CompilerThread5  8216 17590       4       org.jetbrains.kotlin.load.java.lazy.descriptors.LazyJavaScope::resolveMethodToFunctionDescriptor (482 bytes)
C2 CompilerThread6  8216 17580       4       org.jetbrains.kotlin.load.java.typeEnhancement.JavaTypeEnhancement::enhanceInflexible (1014 bytes)
Total: 4

VM state: not at safepoint (normal execution)

VM Mutex/Monitor currently owned by a thread: None

Heap address: 0x0000000701a00000, size: 4070 MB, Compressed Oops mode: Zero based, Oop shift amount: 3

CDS archive(s) not mapped
Compressed class space mapped at: 0x0000000800000000-0x0000000840000000, reserved size: 1073741824
Narrow klass base: 0x0000000800000000, Narrow klass shift: 0, Narrow klass range: 0x40000000

GC Precious Log:
 CardTable entry size: 512
 Card Set container configuration: InlinePtr #cards 4 size 8 Array Of Cards #cards 16 size 48 Howl #buckets 8 coarsen threshold 3686 Howl Bitmap #cards 512 size 80 coarsen threshold 460 Card regions per heap region 1 cards per card region 4096
 CPUs: 24 total, 24 available
 Memory: 16272M
 Large Page Support: Disabled
 NUMA Support: Disabled
 Compressed Oops: Enabled (Zero based)
 Heap Region Size: 2M
 Heap Min Capacity: 8M
 Heap Initial Capacity: 256M
 Heap Max Capacity: 4070M
 Pre-touch: Disabled
 Parallel Workers: 18
 Concurrent Workers: 5
 Concurrent Refinement Workers: 18
 Periodic GC: Disabled

Heap:
 garbage-first heap   total 368640K, used 280870K [0x0000000701a00000, 0x0000000800000000)
  region size 2048K, 31 young (63488K), 6 survivors (12288K)
 Metaspace       used 91200K, committed 92160K, reserved 1179648K
  class space    used 9954K, committed 10432K, reserved 1048576K

Heap Regions: E=young(eden), S=young(survivor), O=old, HS=humongous(starts), HC=humongous(continues), CS=collection set, F=free, TAMS=top-at-mark-start, PB=parsable bottom
|   0|0x0000000701a00000, 0x0000000701c00000, 0x0000000701c00000|100%|HS|  |TAMS 0x0000000701a00000| PB 0x0000000701a00000| Complete 
|   1|0x0000000701c00000, 0x0000000701e00000, 0x0000000701e00000|100%|HC|  |TAMS 0x0000000701c00000| PB 0x0000000701c00000| Complete 
|   2|0x0000000701e00000, 0x0000000702000000, 0x0000000702000000|100%| O|  |TAMS 0x0000000701e00000| PB 0x0000000701e00000| Untracked 
|   3|0x0000000702000000, 0x0000000702200000, 0x0000000702200000|100%| O|  |TAMS 0x0000000702000000| PB 0x0000000702000000| Untracked 
|   4|0x0000000702200000, 0x0000000702400000, 0x0000000702400000|100%| O|  |TAMS 0x0000000702200000| PB 0x0000000702200000| Untracked 
|   5|0x0000000702400000, 0x0000000702600000, 0x0000000702600000|100%| O|  |TAMS 0x0000000702400000| PB 0x0000000702400000| Untracked 
|   6|0x0000000702600000, 0x0000000702800000, 0x0000000702800000|100%| O|  |TAMS 0x0000000702600000| PB 0x0000000702600000| Untracked 
|   7|0x0000000702800000, 0x0000000702a00000, 0x0000000702a00000|100%| O|  |TAMS 0x0000000702800000| PB 0x0000000702800000| Untracked 
|   8|0x0000000702a00000, 0x0000000702c00000, 0x0000000702c00000|100%| O|  |TAMS 0x0000000702a00000| PB 0x0000000702a00000| Untracked 
|   9|0x0000000702c00000, 0x0000000702e00000, 0x0000000702e00000|100%| O|  |TAMS 0x0000000702c00000| PB 0x0000000702c00000| Untracked 
|  10|0x0000000702e00000, 0x0000000703000000, 0x0000000703000000|100%|HS|  |TAMS 0x0000000702e00000| PB 0x0000000702e00000| Complete 
|  11|0x0000000703000000, 0x0000000703200000, 0x0000000703200000|100%| O|  |TAMS 0x0000000703000000| PB 0x0000000703000000| Untracked 
|  12|0x0000000703200000, 0x0000000703400000, 0x0000000703400000|100%| O|  |TAMS 0x0000000703200000| PB 0x0000000703200000| Untracked 
|  13|0x0000000703400000, 0x0000000703600000, 0x0000000703600000|100%| O|  |TAMS 0x0000000703400000| PB 0x0000000703400000| Untracked 
|  14|0x0000000703600000, 0x0000000703800000, 0x0000000703800000|100%| O|  |TAMS 0x0000000703600000| PB 0x0000000703600000| Untracked 
|  15|0x0000000703800000, 0x0000000703a00000, 0x0000000703a00000|100%| O|  |TAMS 0x0000000703800000| PB 0x0000000703800000| Untracked 
|  16|0x0000000703a00000, 0x0000000703c00000, 0x0000000703c00000|100%| O|  |TAMS 0x0000000703a00000| PB 0x0000000703a00000| Untracked 
|  17|0x0000000703c00000, 0x0000000703e00000, 0x0000000703e00000|100%| O|Cm|TAMS 0x0000000703c00000| PB 0x0000000703c00000| Complete 
|  18|0x0000000703e00000, 0x0000000704000000, 0x0000000704000000|100%| O|  |TAMS 0x0000000703e00000| PB 0x0000000703e00000| Untracked 
|  19|0x0000000704000000, 0x0000000704200000, 0x0000000704200000|100%| O|  |TAMS 0x0000000704000000| PB 0x0000000704000000| Untracked 
|  20|0x0000000704200000, 0x0000000704400000, 0x0000000704400000|100%| O|  |TAMS 0x0000000704200000| PB 0x0000000704200000| Untracked 
|  21|0x0000000704400000, 0x0000000704600000, 0x0000000704600000|100%| O|  |TAMS 0x0000000704400000| PB 0x0000000704400000| Untracked 
|  22|0x0000000704600000, 0x0000000704800000, 0x0000000704800000|100%| O|  |TAMS 0x0000000704600000| PB 0x0000000704600000| Untracked 
|  23|0x0000000704800000, 0x0000000704a00000, 0x0000000704a00000|100%| O|  |TAMS 0x0000000704800000| PB 0x0000000704800000| Untracked 
|  24|0x0000000704a00000, 0x0000000704c00000, 0x0000000704c00000|100%| O|  |TAMS 0x0000000704a00000| PB 0x0000000704a00000| Untracked 
|  25|0x0000000704c00000, 0x0000000704e00000, 0x0000000704e00000|100%| O|  |TAMS 0x0000000704c00000| PB 0x0000000704c00000| Untracked 
|  26|0x0000000704e00000, 0x0000000705000000, 0x0000000705000000|100%| O|  |TAMS 0x0000000704e00000| PB 0x0000000704e00000| Untracked 
|  27|0x0000000705000000, 0x0000000705200000, 0x0000000705200000|100%| O|  |TAMS 0x0000000705000000| PB 0x0000000705000000| Untracked 
|  28|0x0000000705200000, 0x0000000705400000, 0x0000000705400000|100%| O|  |TAMS 0x0000000705200000| PB 0x0000000705200000| Untracked 
|  29|0x0000000705400000, 0x0000000705600000, 0x0000000705600000|100%| O|  |TAMS 0x0000000705400000| PB 0x0000000705400000| Untracked 
|  30|0x0000000705600000, 0x0000000705800000, 0x0000000705800000|100%| O|  |TAMS 0x0000000705600000| PB 0x0000000705600000| Untracked 
|  31|0x0000000705800000, 0x0000000705a00000, 0x0000000705a00000|100%| O|Cm|TAMS 0x0000000705800000| PB 0x0000000705800000| Complete 
|  32|0x0000000705a00000, 0x0000000705c00000, 0x0000000705c00000|100%| O|  |TAMS 0x0000000705a00000| PB 0x0000000705a00000| Untracked 
|  33|0x0000000705c00000, 0x0000000705e00000, 0x0000000705e00000|100%| O|  |TAMS 0x0000000705c00000| PB 0x0000000705c00000| Untracked 
|  34|0x0000000705e00000, 0x0000000706000000, 0x0000000706000000|100%| O|  |TAMS 0x0000000705e00000| PB 0x0000000705e00000| Untracked 
|  35|0x0000000706000000, 0x0000000706200000, 0x0000000706200000|100%| O|  |TAMS 0x0000000706000000| PB 0x0000000706000000| Untracked 
|  36|0x0000000706200000, 0x0000000706400000, 0x0000000706400000|100%| O|  |TAMS 0x0000000706200000| PB 0x0000000706200000| Untracked 
|  37|0x0000000706400000, 0x0000000706600000, 0x0000000706600000|100%| O|  |TAMS 0x0000000706400000| PB 0x0000000706400000| Untracked 
|  38|0x0000000706600000, 0x0000000706800000, 0x0000000706800000|100%| O|  |TAMS 0x0000000706600000| PB 0x0000000706600000| Untracked 
|  39|0x0000000706800000, 0x0000000706a00000, 0x0000000706a00000|100%| O|  |TAMS 0x0000000706800000| PB 0x0000000706800000| Untracked 
|  40|0x0000000706a00000, 0x0000000706c00000, 0x0000000706c00000|100%| O|  |TAMS 0x0000000706a00000| PB 0x0000000706a00000| Untracked 
|  41|0x0000000706c00000, 0x0000000706e00000, 0x0000000706e00000|100%| O|  |TAMS 0x0000000706c00000| PB 0x0000000706c00000| Untracked 
|  42|0x0000000706e00000, 0x0000000707000000, 0x0000000707000000|100%| O|  |TAMS 0x0000000706e00000| PB 0x0000000706e00000| Untracked 
|  43|0x0000000707000000, 0x0000000707200000, 0x0000000707200000|100%| O|  |TAMS 0x0000000707000000| PB 0x0000000707000000| Untracked 
|  44|0x0000000707200000, 0x0000000707400000, 0x0000000707400000|100%| O|  |TAMS 0x0000000707200000| PB 0x0000000707200000| Untracked 
|  45|0x0000000707400000, 0x0000000707600000, 0x0000000707600000|100%| O|  |TAMS 0x0000000707400000| PB 0x0000000707400000| Untracked 
|  46|0x0000000707600000, 0x0000000707800000, 0x0000000707800000|100%| O|  |TAMS 0x0000000707600000| PB 0x0000000707600000| Untracked 
|  47|0x0000000707800000, 0x0000000707a00000, 0x0000000707a00000|100%| O|  |TAMS 0x0000000707800000| PB 0x0000000707800000| Untracked 
|  48|0x0000000707a00000, 0x0000000707c00000, 0x0000000707c00000|100%| O|  |TAMS 0x0000000707a00000| PB 0x0000000707a00000| Untracked 
|  49|0x0000000707c00000, 0x0000000707e00000, 0x0000000707e00000|100%| O|  |TAMS 0x0000000707c00000| PB 0x0000000707c00000| Untracked 
|  50|0x0000000707e00000, 0x0000000708000000, 0x0000000708000000|100%| O|  |TAMS 0x0000000707e00000| PB 0x0000000707e00000| Untracked 
|  51|0x0000000708000000, 0x0000000708200000, 0x0000000708200000|100%| O|  |TAMS 0x0000000708000000| PB 0x0000000708000000| Untracked 
|  52|0x0000000708200000, 0x0000000708400000, 0x0000000708400000|100%| O|  |TAMS 0x0000000708200000| PB 0x0000000708200000| Untracked 
|  53|0x0000000708400000, 0x0000000708600000, 0x0000000708600000|100%| O|  |TAMS 0x0000000708400000| PB 0x0000000708400000| Untracked 
|  54|0x0000000708600000, 0x0000000708800000, 0x0000000708800000|100%| O|  |TAMS 0x0000000708600000| PB 0x0000000708600000| Untracked 
|  55|0x0000000708800000, 0x0000000708a00000, 0x0000000708a00000|100%| O|  |TAMS 0x0000000708800000| PB 0x0000000708800000| Untracked 
|  56|0x0000000708a00000, 0x0000000708c00000, 0x0000000708c00000|100%| O|  |TAMS 0x0000000708a00000| PB 0x0000000708a00000| Untracked 
|  57|0x0000000708c00000, 0x0000000708e00000, 0x0000000708e00000|100%| O|  |TAMS 0x0000000708c00000| PB 0x0000000708c00000| Untracked 
|  58|0x0000000708e00000, 0x0000000709000000, 0x0000000709000000|100%| O|  |TAMS 0x0000000708e00000| PB 0x0000000708e00000| Untracked 
|  59|0x0000000709000000, 0x0000000709200000, 0x0000000709200000|100%| O|  |TAMS 0x0000000709000000| PB 0x0000000709000000| Untracked 
|  60|0x0000000709200000, 0x0000000709400000, 0x0000000709400000|100%| O|  |TAMS 0x0000000709200000| PB 0x0000000709200000| Untracked 
|  61|0x0000000709400000, 0x0000000709600000, 0x0000000709600000|100%| O|  |TAMS 0x0000000709400000| PB 0x0000000709400000| Untracked 
|  62|0x0000000709600000, 0x0000000709800000, 0x0000000709800000|100%| O|  |TAMS 0x0000000709600000| PB 0x0000000709600000| Untracked 
|  63|0x0000000709800000, 0x0000000709a00000, 0x0000000709a00000|100%| O|  |TAMS 0x0000000709800000| PB 0x0000000709800000| Untracked 
|  64|0x0000000709a00000, 0x0000000709c00000, 0x0000000709c00000|100%| O|  |TAMS 0x0000000709a00000| PB 0x0000000709a00000| Untracked 
|  65|0x0000000709c00000, 0x0000000709e00000, 0x0000000709e00000|100%| O|  |TAMS 0x0000000709c00000| PB 0x0000000709c00000| Untracked 
|  66|0x0000000709e00000, 0x000000070a000000, 0x000000070a000000|100%| O|  |TAMS 0x0000000709e00000| PB 0x0000000709e00000| Untracked 
|  67|0x000000070a000000, 0x000000070a200000, 0x000000070a200000|100%| O|  |TAMS 0x000000070a000000| PB 0x000000070a000000| Untracked 
|  68|0x000000070a200000, 0x000000070a400000, 0x000000070a400000|100%| O|  |TAMS 0x000000070a200000| PB 0x000000070a200000| Untracked 
|  69|0x000000070a400000, 0x000000070a600000, 0x000000070a600000|100%| O|  |TAMS 0x000000070a400000| PB 0x000000070a400000| Untracked 
|  70|0x000000070a600000, 0x000000070a800000, 0x000000070a800000|100%| O|  |TAMS 0x000000070a600000| PB 0x000000070a600000| Untracked 
|  71|0x000000070a800000, 0x000000070aa00000, 0x000000070aa00000|100%| O|  |TAMS 0x000000070a800000| PB 0x000000070a800000| Untracked 
|  72|0x000000070aa00000, 0x000000070ac00000, 0x000000070ac00000|100%| O|  |TAMS 0x000000070aa00000| PB 0x000000070aa00000| Untracked 
|  73|0x000000070ac00000, 0x000000070ae00000, 0x000000070ae00000|100%| O|  |TAMS 0x000000070ac00000| PB 0x000000070ac00000| Untracked 
|  74|0x000000070ae00000, 0x000000070b000000, 0x000000070b000000|100%| O|  |TAMS 0x000000070ae00000| PB 0x000000070ae00000| Untracked 
|  75|0x000000070b000000, 0x000000070b200000, 0x000000070b200000|100%| O|  |TAMS 0x000000070b000000| PB 0x000000070b000000| Untracked 
|  76|0x000000070b200000, 0x000000070b400000, 0x000000070b400000|100%| O|  |TAMS 0x000000070b200000| PB 0x000000070b200000| Untracked 
|  77|0x000000070b400000, 0x000000070b600000, 0x000000070b600000|100%| O|  |TAMS 0x000000070b400000| PB 0x000000070b400000| Untracked 
|  78|0x000000070b600000, 0x000000070b800000, 0x000000070b800000|100%| O|  |TAMS 0x000000070b600000| PB 0x000000070b600000| Untracked 
|  79|0x000000070b800000, 0x000000070ba00000, 0x000000070ba00000|100%| O|  |TAMS 0x000000070b800000| PB 0x000000070b800000| Untracked 
|  80|0x000000070ba00000, 0x000000070bc00000, 0x000000070bc00000|100%| O|  |TAMS 0x000000070ba00000| PB 0x000000070ba00000| Untracked 
|  81|0x000000070bc00000, 0x000000070be00000, 0x000000070be00000|100%| O|  |TAMS 0x000000070bc00000| PB 0x000000070bc00000| Untracked 
|  82|0x000000070be00000, 0x000000070c000000, 0x000000070c000000|100%| O|  |TAMS 0x000000070be00000| PB 0x000000070be00000| Untracked 
|  83|0x000000070c000000, 0x000000070c200000, 0x000000070c200000|100%| O|  |TAMS 0x000000070c000000| PB 0x000000070c000000| Untracked 
|  84|0x000000070c200000, 0x000000070c400000, 0x000000070c400000|100%| O|  |TAMS 0x000000070c200000| PB 0x000000070c200000| Untracked 
|  85|0x000000070c400000, 0x000000070c600000, 0x000000070c600000|100%| O|  |TAMS 0x000000070c400000| PB 0x000000070c400000| Untracked 
|  86|0x000000070c600000, 0x000000070c800000, 0x000000070c800000|100%| O|  |TAMS 0x000000070c600000| PB 0x000000070c600000| Untracked 
|  87|0x000000070c800000, 0x000000070ca00000, 0x000000070ca00000|100%| O|  |TAMS 0x000000070c800000| PB 0x000000070c800000| Untracked 
|  88|0x000000070ca00000, 0x000000070cc00000, 0x000000070cc00000|100%| O|  |TAMS 0x000000070ca00000| PB 0x000000070ca00000| Untracked 
|  89|0x000000070cc00000, 0x000000070ce00000, 0x000000070ce00000|100%| O|  |TAMS 0x000000070cc00000| PB 0x000000070cc00000| Untracked 
|  90|0x000000070ce00000, 0x000000070d000000, 0x000000070d000000|100%| O|  |TAMS 0x000000070ce00000| PB 0x000000070ce00000| Untracked 
|  91|0x000000070d000000, 0x000000070d200000, 0x000000070d200000|100%| O|  |TAMS 0x000000070d000000| PB 0x000000070d000000| Untracked 
|  92|0x000000070d200000, 0x000000070d400000, 0x000000070d400000|100%| O|Cm|TAMS 0x000000070d200000| PB 0x000000070d200000| Complete 
|  93|0x000000070d400000, 0x000000070d600000, 0x000000070d600000|100%| O|  |TAMS 0x000000070d400000| PB 0x000000070d400000| Untracked 
|  94|0x000000070d600000, 0x000000070d800000, 0x000000070d800000|100%| O|  |TAMS 0x000000070d600000| PB 0x000000070d600000| Untracked 
|  95|0x000000070d800000, 0x000000070da00000, 0x000000070da00000|100%| O|  |TAMS 0x000000070d800000| PB 0x000000070d800000| Untracked 
|  96|0x000000070da00000, 0x000000070dc00000, 0x000000070dc00000|100%| O|  |TAMS 0x000000070da00000| PB 0x000000070da00000| Untracked 
|  97|0x000000070dc00000, 0x000000070de00000, 0x000000070de00000|100%| O|  |TAMS 0x000000070dc00000| PB 0x000000070dc00000| Untracked 
|  98|0x000000070de00000, 0x000000070e000000, 0x000000070e000000|100%| O|  |TAMS 0x000000070de00000| PB 0x000000070de00000| Untracked 
|  99|0x000000070e000000, 0x000000070e200000, 0x000000070e200000|100%| O|  |TAMS 0x000000070e000000| PB 0x000000070e000000| Untracked 
| 100|0x000000070e200000, 0x000000070e400000, 0x000000070e400000|100%| O|  |TAMS 0x000000070e200000| PB 0x000000070e200000| Untracked 
| 101|0x000000070e400000, 0x000000070e600000, 0x000000070e600000|100%| O|  |TAMS 0x000000070e400000| PB 0x000000070e400000| Untracked 
| 102|0x000000070e600000, 0x000000070e600000, 0x000000070e800000|  0%| F|  |TAMS 0x000000070e600000| PB 0x000000070e600000| Untracked 
| 103|0x000000070e800000, 0x000000070e800000, 0x000000070ea00000|  0%| F|  |TAMS 0x000000070e800000| PB 0x000000070e800000| Untracked 
| 104|0x000000070ea00000, 0x000000070ec00000, 0x000000070ec00000|100%| O|  |TAMS 0x000000070ea00000| PB 0x000000070ea00000| Untracked 
| 105|0x000000070ec00000, 0x000000070ee00000, 0x000000070ee00000|100%| O|  |TAMS 0x000000070ec00000| PB 0x000000070ec00000| Untracked 
| 106|0x000000070ee00000, 0x000000070efac4c8, 0x000000070f000000| 83%| O|  |TAMS 0x000000070ee00000| PB 0x000000070ee00000| Untracked 
| 107|0x000000070f000000, 0x000000070f000000, 0x000000070f200000|  0%| F|  |TAMS 0x000000070f000000| PB 0x000000070f000000| Untracked 
| 108|0x000000070f200000, 0x000000070f200000, 0x000000070f400000|  0%| F|  |TAMS 0x000000070f200000| PB 0x000000070f200000| Untracked 
| 109|0x000000070f400000, 0x000000070f400000, 0x000000070f600000|  0%| F|  |TAMS 0x000000070f400000| PB 0x000000070f400000| Untracked 
| 110|0x000000070f600000, 0x000000070f600000, 0x000000070f800000|  0%| F|  |TAMS 0x000000070f600000| PB 0x000000070f600000| Untracked 
| 111|0x000000070f800000, 0x000000070f800000, 0x000000070fa00000|  0%| F|  |TAMS 0x000000070f800000| PB 0x000000070f800000| Untracked 
| 112|0x000000070fa00000, 0x000000070fa00000, 0x000000070fc00000|  0%| F|  |TAMS 0x000000070fa00000| PB 0x000000070fa00000| Untracked 
| 113|0x000000070fc00000, 0x000000070fc00000, 0x000000070fe00000|  0%| F|  |TAMS 0x000000070fc00000| PB 0x000000070fc00000| Untracked 
| 114|0x000000070fe00000, 0x000000070fe00000, 0x0000000710000000|  0%| F|  |TAMS 0x000000070fe00000| PB 0x000000070fe00000| Untracked 
| 115|0x0000000710000000, 0x0000000710000000, 0x0000000710200000|  0%| F|  |TAMS 0x0000000710000000| PB 0x0000000710000000| Untracked 
| 116|0x0000000710200000, 0x0000000710200000, 0x0000000710400000|  0%| F|  |TAMS 0x0000000710200000| PB 0x0000000710200000| Untracked 
| 117|0x0000000710400000, 0x0000000710400000, 0x0000000710600000|  0%| F|  |TAMS 0x0000000710400000| PB 0x0000000710400000| Untracked 
| 118|0x0000000710600000, 0x0000000710600000, 0x0000000710800000|  0%| F|  |TAMS 0x0000000710600000| PB 0x0000000710600000| Untracked 
| 119|0x0000000710800000, 0x0000000710800000, 0x0000000710a00000|  0%| F|  |TAMS 0x0000000710800000| PB 0x0000000710800000| Untracked 
| 120|0x0000000710a00000, 0x0000000710a00000, 0x0000000710c00000|  0%| F|  |TAMS 0x0000000710a00000| PB 0x0000000710a00000| Untracked 
| 121|0x0000000710c00000, 0x0000000710c00000, 0x0000000710e00000|  0%| F|  |TAMS 0x0000000710c00000| PB 0x0000000710c00000| Untracked 
| 122|0x0000000710e00000, 0x0000000710e00000, 0x0000000711000000|  0%| F|  |TAMS 0x0000000710e00000| PB 0x0000000710e00000| Untracked 
| 123|0x0000000711000000, 0x0000000711000000, 0x0000000711200000|  0%| F|  |TAMS 0x0000000711000000| PB 0x0000000711000000| Untracked 
| 124|0x0000000711200000, 0x0000000711200000, 0x0000000711400000|  0%| F|  |TAMS 0x0000000711200000| PB 0x0000000711200000| Untracked 
| 125|0x0000000711400000, 0x0000000711400000, 0x0000000711600000|  0%| F|  |TAMS 0x0000000711400000| PB 0x0000000711400000| Untracked 
| 126|0x0000000711600000, 0x0000000711600000, 0x0000000711800000|  0%| F|  |TAMS 0x0000000711600000| PB 0x0000000711600000| Untracked 
| 127|0x0000000711800000, 0x0000000711800000, 0x0000000711a00000|  0%| F|  |TAMS 0x0000000711800000| PB 0x0000000711800000| Untracked 
| 128|0x0000000711a00000, 0x0000000711a00000, 0x0000000711c00000|  0%| F|  |TAMS 0x0000000711a00000| PB 0x0000000711a00000| Untracked 
| 129|0x0000000711c00000, 0x0000000711c00000, 0x0000000711e00000|  0%| F|  |TAMS 0x0000000711c00000| PB 0x0000000711c00000| Untracked 
| 130|0x0000000711e00000, 0x0000000711e00000, 0x0000000712000000|  0%| F|  |TAMS 0x0000000711e00000| PB 0x0000000711e00000| Untracked 
| 131|0x0000000712000000, 0x0000000712000000, 0x0000000712200000|  0%| F|  |TAMS 0x0000000712000000| PB 0x0000000712000000| Untracked 
| 132|0x0000000712200000, 0x0000000712200000, 0x0000000712400000|  0%| F|  |TAMS 0x0000000712200000| PB 0x0000000712200000| Untracked 
| 133|0x0000000712400000, 0x000000071249d578, 0x0000000712600000| 30%| S|CS|TAMS 0x0000000712400000| PB 0x0000000712400000| Complete 
| 134|0x0000000712600000, 0x0000000712800000, 0x0000000712800000|100%| S|CS|TAMS 0x0000000712600000| PB 0x0000000712600000| Complete 
| 135|0x0000000712800000, 0x0000000712a00000, 0x0000000712a00000|100%| S|CS|TAMS 0x0000000712800000| PB 0x0000000712800000| Complete 
| 136|0x0000000712a00000, 0x0000000712c00000, 0x0000000712c00000|100%| S|CS|TAMS 0x0000000712a00000| PB 0x0000000712a00000| Complete 
| 137|0x0000000712c00000, 0x0000000712e00000, 0x0000000712e00000|100%| S|CS|TAMS 0x0000000712c00000| PB 0x0000000712c00000| Complete 
| 138|0x0000000712e00000, 0x0000000713000000, 0x0000000713000000|100%| S|CS|TAMS 0x0000000712e00000| PB 0x0000000712e00000| Complete 
| 139|0x0000000713000000, 0x0000000713000000, 0x0000000713200000|  0%| F|  |TAMS 0x0000000713000000| PB 0x0000000713000000| Untracked 
| 140|0x0000000713200000, 0x0000000713200000, 0x0000000713400000|  0%| F|  |TAMS 0x0000000713200000| PB 0x0000000713200000| Untracked 
| 141|0x0000000713400000, 0x0000000713400000, 0x0000000713600000|  0%| F|  |TAMS 0x0000000713400000| PB 0x0000000713400000| Untracked 
| 142|0x0000000713600000, 0x0000000713600000, 0x0000000713800000|  0%| F|  |TAMS 0x0000000713600000| PB 0x0000000713600000| Untracked 
| 143|0x0000000713800000, 0x0000000713800000, 0x0000000713a00000|  0%| F|  |TAMS 0x0000000713800000| PB 0x0000000713800000| Untracked 
| 144|0x0000000713a00000, 0x0000000713a00000, 0x0000000713c00000|  0%| F|  |TAMS 0x0000000713a00000| PB 0x0000000713a00000| Untracked 
| 145|0x0000000713c00000, 0x0000000713c00000, 0x0000000713e00000|  0%| F|  |TAMS 0x0000000713c00000| PB 0x0000000713c00000| Untracked 
| 146|0x0000000713e00000, 0x0000000713e00000, 0x0000000714000000|  0%| F|  |TAMS 0x0000000713e00000| PB 0x0000000713e00000| Untracked 
| 147|0x0000000714000000, 0x0000000714000000, 0x0000000714200000|  0%| F|  |TAMS 0x0000000714000000| PB 0x0000000714000000| Untracked 
| 148|0x0000000714200000, 0x0000000714200000, 0x0000000714400000|  0%| F|  |TAMS 0x0000000714200000| PB 0x0000000714200000| Untracked 
| 149|0x0000000714400000, 0x0000000714400000, 0x0000000714600000|  0%| F|  |TAMS 0x0000000714400000| PB 0x0000000714400000| Untracked 
| 150|0x0000000714600000, 0x0000000714600000, 0x0000000714800000|  0%| F|  |TAMS 0x0000000714600000| PB 0x0000000714600000| Untracked 
| 151|0x0000000714800000, 0x0000000714800000, 0x0000000714a00000|  0%| F|  |TAMS 0x0000000714800000| PB 0x0000000714800000| Untracked 
| 152|0x0000000714a00000, 0x0000000714c00000, 0x0000000714c00000|100%| E|  |TAMS 0x0000000714a00000| PB 0x0000000714a00000| Complete 
| 153|0x0000000714c00000, 0x0000000714e00000, 0x0000000714e00000|100%| E|CS|TAMS 0x0000000714c00000| PB 0x0000000714c00000| Complete 
| 154|0x0000000714e00000, 0x0000000715000000, 0x0000000715000000|100%| E|CS|TAMS 0x0000000714e00000| PB 0x0000000714e00000| Complete 
| 155|0x0000000715000000, 0x0000000715200000, 0x0000000715200000|100%| E|CS|TAMS 0x0000000715000000| PB 0x0000000715000000| Complete 
| 156|0x0000000715200000, 0x0000000715400000, 0x0000000715400000|100%| E|CS|TAMS 0x0000000715200000| PB 0x0000000715200000| Complete 
| 157|0x0000000715400000, 0x0000000715600000, 0x0000000715600000|100%| E|CS|TAMS 0x0000000715400000| PB 0x0000000715400000| Complete 
| 158|0x0000000715600000, 0x0000000715800000, 0x0000000715800000|100%| E|CS|TAMS 0x0000000715600000| PB 0x0000000715600000| Complete 
| 159|0x0000000715800000, 0x0000000715a00000, 0x0000000715a00000|100%| E|CS|TAMS 0x0000000715800000| PB 0x0000000715800000| Complete 
| 160|0x0000000715a00000, 0x0000000715c00000, 0x0000000715c00000|100%| E|CS|TAMS 0x0000000715a00000| PB 0x0000000715a00000| Complete 
| 161|0x0000000715c00000, 0x0000000715e00000, 0x0000000715e00000|100%| E|CS|TAMS 0x0000000715c00000| PB 0x0000000715c00000| Complete 
| 162|0x0000000715e00000, 0x0000000716000000, 0x0000000716000000|100%| E|CS|TAMS 0x0000000715e00000| PB 0x0000000715e00000| Complete 
| 163|0x0000000716000000, 0x0000000716200000, 0x0000000716200000|100%| E|CS|TAMS 0x0000000716000000| PB 0x0000000716000000| Complete 
| 164|0x0000000716200000, 0x0000000716400000, 0x0000000716400000|100%| E|CS|TAMS 0x0000000716200000| PB 0x0000000716200000| Complete 
| 165|0x0000000716400000, 0x0000000716600000, 0x0000000716600000|100%| E|CS|TAMS 0x0000000716400000| PB 0x0000000716400000| Complete 
| 166|0x0000000716600000, 0x0000000716800000, 0x0000000716800000|100%| E|CS|TAMS 0x0000000716600000| PB 0x0000000716600000| Complete 
| 167|0x0000000716800000, 0x0000000716a00000, 0x0000000716a00000|100%| E|CS|TAMS 0x0000000716800000| PB 0x0000000716800000| Complete 
| 168|0x0000000716a00000, 0x0000000716c00000, 0x0000000716c00000|100%| E|CS|TAMS 0x0000000716a00000| PB 0x0000000716a00000| Complete 
| 169|0x0000000716c00000, 0x0000000716e00000, 0x0000000716e00000|100%| E|CS|TAMS 0x0000000716c00000| PB 0x0000000716c00000| Complete 
| 170|0x0000000716e00000, 0x0000000717000000, 0x0000000717000000|100%| E|CS|TAMS 0x0000000716e00000| PB 0x0000000716e00000| Complete 
| 171|0x0000000717000000, 0x0000000717200000, 0x0000000717200000|100%| E|CS|TAMS 0x0000000717000000| PB 0x0000000717000000| Complete 
| 172|0x0000000717200000, 0x0000000717400000, 0x0000000717400000|100%| E|CS|TAMS 0x0000000717200000| PB 0x0000000717200000| Complete 
| 173|0x0000000717400000, 0x0000000717600000, 0x0000000717600000|100%| E|CS|TAMS 0x0000000717400000| PB 0x0000000717400000| Complete 
| 174|0x0000000717600000, 0x0000000717800000, 0x0000000717800000|100%| E|CS|TAMS 0x0000000717600000| PB 0x0000000717600000| Complete 
| 175|0x0000000717800000, 0x0000000717a00000, 0x0000000717a00000|100%| E|CS|TAMS 0x0000000717800000| PB 0x0000000717800000| Complete 
| 176|0x0000000717a00000, 0x0000000717c00000, 0x0000000717c00000|100%| E|CS|TAMS 0x0000000717a00000| PB 0x0000000717a00000| Complete 
|2032|0x00000007ffa00000, 0x00000007ffc00000, 0x00000007ffc00000|100%| O|  |TAMS 0x00000007ffa00000| PB 0x00000007ffa00000| Untracked 
|2033|0x00000007ffc00000, 0x00000007ffe00000, 0x00000007ffe00000|100%| O|  |TAMS 0x00000007ffc00000| PB 0x00000007ffc00000| Untracked 
|2034|0x00000007ffe00000, 0x0000000800000000, 0x0000000800000000|100%| O|  |TAMS 0x00000007ffe00000| PB 0x00000007ffe00000| Untracked 

Card table byte_map: [0x000001a557f00000,0x000001a558700000] _byte_map_base: 0x000001a5546f3000

Marking Bits: (CMBitMap*) 0x000001a544843240
 Bits: [0x000001a558700000, 0x000001a55c698000)

Polling page: 0x000001a542610000

Metaspace:

Usage:
  Non-class:     79.34 MB used.
      Class:      9.72 MB used.
       Both:     89.06 MB used.

Virtual space:
  Non-class space:      128.00 MB reserved,      79.81 MB ( 62%) committed,  2 nodes.
      Class space:        1.00 GB reserved,      10.19 MB ( <1%) committed,  1 nodes.
             Both:        1.12 GB reserved,      90.00 MB (  8%) committed. 

Chunk freelists:
   Non-Class:  128.00 KB
       Class:  5.76 MB
        Both:  5.88 MB

MaxMetaspaceSize: unlimited
CompressedClassSpaceSize: 1.00 GB
Initial GC threshold: 21.00 MB
Current GC threshold: 149.81 MB
CDS: off
 - commit_granule_bytes: 65536.
 - commit_granule_words: 8192.
 - virtual_space_node_default_size: 8388608.
 - enlarge_chunks_in_place: 1.
 - use_allocation_guard: 0.


Internal statistics:

num_allocs_failed_limit: 9.
num_arena_births: 1604.
num_arena_deaths: 0.
num_vsnodes_births: 3.
num_vsnodes_deaths: 0.
num_space_committed: 1437.
num_space_uncommitted: 0.
num_chunks_returned_to_freelist: 9.
num_chunks_taken_from_freelist: 4691.
num_chunk_merges: 9.
num_chunk_splits: 3508.
num_chunks_enlarged: 2724.
num_inconsistent_stats: 0.

CodeHeap 'non-profiled nmethods': size=119168Kb used=13015Kb max_used=13015Kb free=106152Kb
 bounds [0x000001a54f4c0000, 0x000001a550180000, 0x000001a556920000]
CodeHeap 'profiled nmethods': size=119104Kb used=42646Kb max_used=42904Kb free=76457Kb
 bounds [0x000001a547920000, 0x000001a54a310000, 0x000001a54ed70000]
CodeHeap 'non-nmethods': size=7488Kb used=3421Kb max_used=3529Kb free=4066Kb
 bounds [0x000001a54ed70000, 0x000001a54f0f0000, 0x000001a54f4c0000]
 total_blobs=15662 nmethods=14900 adapters=660
 compilation: enabled
              stopped_count=0, restarted_count=0
 full_count=0

Compilation events (20 events):
Event: 8.124 Thread 0x000001a55fe222c0 17665       3       org.jetbrains.kotlin.resolve.scopes.synthetic.FunInterfaceConstructorsSyntheticScope::recordSamLookupsToClassifier (36 bytes)
Event: 8.125 Thread 0x000001a55fe222c0 nmethod 17665 0x000001a548fa3090 code [0x000001a548fa3280, 0x000001a548fa38d0]
Event: 8.125 Thread 0x000001a55fe222c0 17666       3       org.jetbrains.kotlin.resolve.scopes.synthetic.FunInterfaceConstructorsSyntheticScope::getSamConstructor (43 bytes)
Event: 8.125 Thread 0x000001a55fe20e50 nmethod 17663 0x000001a548fa2210 code [0x000001a548fa2440, 0x000001a548fa2e10]
Event: 8.125 Thread 0x000001a55fe20e50 17667       3       org.jetbrains.kotlin.resolve.scopes.synthetic.FunInterfaceConstructorsSyntheticScope::checkIfClassifierApplicable (40 bytes)
Event: 8.125 Thread 0x000001a55fe222c0 nmethod 17666 0x000001a548fa1810 code [0x000001a548fa1a20, 0x000001a548fa2090]
Event: 8.125 Thread 0x000001a55fe20e50 nmethod 17667 0x000001a549070610 code [0x000001a549070820, 0x000001a549070fa0]
Event: 8.125 Thread 0x000001a55fe20780 nmethod 17664 0x000001a54906ed10 code [0x000001a54906f020, 0x000001a549070030]
Event: 8.125 Thread 0x000001a55fe21bf0 nmethod 17662 0x000001a548e02290 code [0x000001a548e025e0, 0x000001a548e03bf8]
Event: 8.126 Thread 0x000001a55fe222c0 17668       3       org.jetbrains.kotlin.resolve.calls.smartcasts.DataFlowValueKindUtilsKt::hasDefaultGetter (26 bytes)
Event: 8.126 Thread 0x000001a55fe222c0 nmethod 17668 0x000001a54906e710 code [0x000001a54906e8c0, 0x000001a54906ebd0]
Event: 8.130 Thread 0x000001a55fe21bf0 17669       3       com.google.common.collect.RegularImmutableMap::fromEntryArrayCheckingBucketOverflow (282 bytes)
Event: 8.131 Thread 0x000001a55fe21520 nmethod 17616 0x000001a550153910 code [0x000001a550153f00, 0x000001a550157d28]
Event: 8.131 Thread 0x000001a55fe18550 17670       4       org.jetbrains.kotlin.resolve.lazy.ResolveSession::getLanguageVersionSettings (14 bytes)
Event: 8.131 Thread 0x000001a55fe21bf0 nmethod 17669 0x000001a5490afb10 code [0x000001a5490aff00, 0x000001a5490b1c28]
Event: 8.132 Thread 0x000001a55fe18550 nmethod 17670 0x000001a550159990 code [0x000001a550159b20, 0x000001a550159bc8]
Event: 8.135 Thread 0x000001a5690ee470 nmethod 17593 0x000001a550159c90 code [0x000001a55015a220, 0x000001a55015e0e0]
Event: 8.136 Thread 0x000001a55fe18550 17671       4       org.jetbrains.kotlin.types.AbstractTypeChecker::isSubtypeOf (46 bytes)
Event: 8.137 Thread 0x000001a55fe222c0 17672       3       org.jetbrains.kotlin.load.kotlin.FileBasedKotlinClass$4$1::visitAnnotation (27 bytes)
Event: 8.137 Thread 0x000001a55fe222c0 nmethod 17672 0x000001a548494e10 code [0x000001a548494fe0, 0x000001a5484951d0]

GC Heap History (20 events):
Event: 5.866 GC heap before
{Heap before GC invocations=29 (full 0):
 garbage-first heap   total 227328K, used 195095K [0x0000000701a00000, 0x0000000800000000)
  region size 2048K, 37 young (75776K), 4 survivors (8192K)
 Metaspace       used 89409K, committed 90368K, reserved 1179648K
  class space    used 9877K, committed 10368K, reserved 1048576K
}
Event: 5.870 GC heap after
{Heap after GC invocations=30 (full 0):
 garbage-first heap   total 227328K, used 139100K [0x0000000701a00000, 0x0000000800000000)
  region size 2048K, 5 young (10240K), 5 survivors (10240K)
 Metaspace       used 89409K, committed 90368K, reserved 1179648K
  class space    used 9877K, committed 10368K, reserved 1048576K
}
Event: 6.005 GC heap before
{Heap before GC invocations=30 (full 0):
 garbage-first heap   total 227328K, used 200540K [0x0000000701a00000, 0x0000000800000000)
  region size 2048K, 35 young (71680K), 5 survivors (10240K)
 Metaspace       used 89562K, committed 90496K, reserved 1179648K
  class space    used 9882K, committed 10368K, reserved 1048576K
}
Event: 6.009 GC heap after
{Heap after GC invocations=31 (full 0):
 garbage-first heap   total 227328K, used 144827K [0x0000000701a00000, 0x0000000800000000)
  region size 2048K, 4 young (8192K), 4 survivors (8192K)
 Metaspace       used 89562K, committed 90496K, reserved 1179648K
  class space    used 9882K, committed 10368K, reserved 1048576K
}
Event: 6.110 GC heap before
{Heap before GC invocations=31 (full 0):
 garbage-first heap   total 227328K, used 200123K [0x0000000701a00000, 0x0000000800000000)
  region size 2048K, 32 young (65536K), 4 survivors (8192K)
 Metaspace       used 89735K, committed 90688K, reserved 1179648K
  class space    used 9900K, committed 10368K, reserved 1048576K
}
Event: 6.113 GC heap after
{Heap after GC invocations=32 (full 0):
 garbage-first heap   total 227328K, used 153267K [0x0000000701a00000, 0x0000000800000000)
  region size 2048K, 4 young (8192K), 4 survivors (8192K)
 Metaspace       used 89735K, committed 90688K, reserved 1179648K
  class space    used 9900K, committed 10368K, reserved 1048576K
}
Event: 6.215 GC heap before
{Heap before GC invocations=33 (full 0):
 garbage-first heap   total 256000K, used 204467K [0x0000000701a00000, 0x0000000800000000)
  region size 2048K, 29 young (59392K), 4 survivors (8192K)
 Metaspace       used 89848K, committed 90752K, reserved 1179648K
  class space    used 9905K, committed 10368K, reserved 1048576K
}
Event: 6.218 GC heap after
{Heap after GC invocations=34 (full 0):
 garbage-first heap   total 256000K, used 159161K [0x0000000701a00000, 0x0000000800000000)
  region size 2048K, 4 young (8192K), 4 survivors (8192K)
 Metaspace       used 89848K, committed 90752K, reserved 1179648K
  class space    used 9905K, committed 10368K, reserved 1048576K
}
Event: 6.404 GC heap before
{Heap before GC invocations=34 (full 0):
 garbage-first heap   total 256000K, used 226745K [0x0000000701a00000, 0x0000000800000000)
  region size 2048K, 37 young (75776K), 4 survivors (8192K)
 Metaspace       used 89894K, committed 90816K, reserved 1179648K
  class space    used 9905K, committed 10368K, reserved 1048576K
}
Event: 6.408 GC heap after
{Heap after GC invocations=35 (full 0):
 garbage-first heap   total 256000K, used 165080K [0x0000000701a00000, 0x0000000800000000)
  region size 2048K, 4 young (8192K), 4 survivors (8192K)
 Metaspace       used 89894K, committed 90816K, reserved 1179648K
  class space    used 9905K, committed 10368K, reserved 1048576K
}
Event: 6.604 GC heap before
{Heap before GC invocations=35 (full 0):
 garbage-first heap   total 256000K, used 230616K [0x0000000701a00000, 0x0000000800000000)
  region size 2048K, 36 young (73728K), 4 survivors (8192K)
 Metaspace       used 90041K, committed 91008K, reserved 1179648K
  class space    used 9911K, committed 10432K, reserved 1048576K
}
Event: 6.608 GC heap after
{Heap after GC invocations=36 (full 0):
 garbage-first heap   total 331776K, used 174749K [0x0000000701a00000, 0x0000000800000000)
  region size 2048K, 5 young (10240K), 5 survivors (10240K)
 Metaspace       used 90041K, committed 91008K, reserved 1179648K
  class space    used 9911K, committed 10432K, reserved 1048576K
}
Event: 7.034 GC heap before
{Heap before GC invocations=37 (full 0):
 garbage-first heap   total 331776K, used 291485K [0x0000000701a00000, 0x0000000800000000)
  region size 2048K, 62 young (126976K), 5 survivors (10240K)
 Metaspace       used 90395K, committed 91392K, reserved 1179648K
  class space    used 9929K, committed 10432K, reserved 1048576K
}
Event: 7.040 GC heap after
{Heap after GC invocations=38 (full 0):
 garbage-first heap   total 331776K, used 190696K [0x0000000701a00000, 0x0000000800000000)
  region size 2048K, 8 young (16384K), 8 survivors (16384K)
 Metaspace       used 90395K, committed 91392K, reserved 1179648K
  class space    used 9929K, committed 10432K, reserved 1048576K
}
Event: 7.433 GC heap before
{Heap before GC invocations=38 (full 0):
 garbage-first heap   total 331776K, used 289000K [0x0000000701a00000, 0x0000000800000000)
  region size 2048K, 56 young (114688K), 8 survivors (16384K)
 Metaspace       used 90864K, committed 91840K, reserved 1179648K
  class space    used 9953K, committed 10432K, reserved 1048576K
}
Event: 7.441 GC heap after
{Heap after GC invocations=39 (full 0):
 garbage-first heap   total 331776K, used 206283K [0x0000000701a00000, 0x0000000800000000)
  region size 2048K, 7 young (14336K), 7 survivors (14336K)
 Metaspace       used 90864K, committed 91840K, reserved 1179648K
  class space    used 9953K, committed 10432K, reserved 1048576K
}
Event: 7.718 GC heap before
{Heap before GC invocations=39 (full 0):
 garbage-first heap   total 331776K, used 294347K [0x0000000701a00000, 0x0000000800000000)
  region size 2048K, 50 young (102400K), 7 survivors (14336K)
 Metaspace       used 90969K, committed 91968K, reserved 1179648K
  class space    used 9954K, committed 10432K, reserved 1048576K
}
Event: 7.723 GC heap after
{Heap after GC invocations=40 (full 0):
 garbage-first heap   total 331776K, used 220741K [0x0000000701a00000, 0x0000000800000000)
  region size 2048K, 7 young (14336K), 7 survivors (14336K)
 Metaspace       used 90969K, committed 91968K, reserved 1179648K
  class space    used 9954K, committed 10432K, reserved 1048576K
}
Event: 8.031 GC heap before
{Heap before GC invocations=41 (full 0):
 garbage-first heap   total 368640K, used 298565K [0x0000000701a00000, 0x0000000800000000)
  region size 2048K, 45 young (92160K), 7 survivors (14336K)
 Metaspace       used 91123K, committed 92096K, reserved 1179648K
  class space    used 9954K, committed 10432K, reserved 1048576K
}
Event: 8.037 GC heap after
{Heap after GC invocations=42 (full 0):
 garbage-first heap   total 368640K, used 231718K [0x0000000701a00000, 0x0000000800000000)
  region size 2048K, 6 young (12288K), 6 survivors (12288K)
 Metaspace       used 91123K, committed 92096K, reserved 1179648K
  class space    used 9954K, committed 10432K, reserved 1048576K
}

Dll operation events (3 events):
Event: 0.005 Loaded shared library C:\Program Files\Android\Android Studio\jbr\bin\java.dll
Event: 0.008 Loaded shared library C:\Program Files\Android\Android Studio\jbr\bin\zip.dll
Event: 0.662 Loaded shared library C:\Program Files\Android\Android Studio\jbr\bin\verify.dll

Deoptimization events (20 events):
Event: 7.880 Thread 0x000001a56b927490 Uncommon trap: trap_request=0xffffff66 fr.pc=0x000001a5500e14cc relative=0x000000000000008c
Event: 7.880 Thread 0x000001a56b927490 Uncommon trap: reason=speculate_class_check action=maybe_recompile pc=0x000001a5500e14cc method=org.jetbrains.kotlin.resolve.scopes.ResolutionScope$DefaultImpls.recordLookup(Lorg/jetbrains/kotlin/resolve/scopes/ResolutionScope;Lorg/jetbrains/kotlin/name/N
Event: 7.880 Thread 0x000001a56b927490 DEOPT PACKING pc=0x000001a5500e14cc sp=0x0000008ae80f3d70
Event: 7.880 Thread 0x000001a56b927490 DEOPT UNPACKING pc=0x000001a54edc46a2 sp=0x0000008ae80f3c18 mode 2
Event: 7.880 Thread 0x000001a56b927490 Uncommon trap: trap_request=0xffffff66 fr.pc=0x000001a5500e14cc relative=0x000000000000008c
Event: 7.880 Thread 0x000001a56b927490 Uncommon trap: reason=speculate_class_check action=maybe_recompile pc=0x000001a5500e14cc method=org.jetbrains.kotlin.resolve.scopes.ResolutionScope$DefaultImpls.recordLookup(Lorg/jetbrains/kotlin/resolve/scopes/ResolutionScope;Lorg/jetbrains/kotlin/name/N
Event: 7.880 Thread 0x000001a56b927490 DEOPT PACKING pc=0x000001a5500e14cc sp=0x0000008ae80f3bf0
Event: 7.880 Thread 0x000001a56b927490 DEOPT UNPACKING pc=0x000001a54edc46a2 sp=0x0000008ae80f3a98 mode 2
Event: 7.880 Thread 0x000001a56b927490 Uncommon trap: trap_request=0xffffff66 fr.pc=0x000001a5500e14cc relative=0x000000000000008c
Event: 7.880 Thread 0x000001a56b927490 Uncommon trap: reason=speculate_class_check action=maybe_recompile pc=0x000001a5500e14cc method=org.jetbrains.kotlin.resolve.scopes.ResolutionScope$DefaultImpls.recordLookup(Lorg/jetbrains/kotlin/resolve/scopes/ResolutionScope;Lorg/jetbrains/kotlin/name/N
Event: 7.880 Thread 0x000001a56b927490 DEOPT PACKING pc=0x000001a5500e14cc sp=0x0000008ae80f3bf0
Event: 7.880 Thread 0x000001a56b927490 DEOPT UNPACKING pc=0x000001a54edc46a2 sp=0x0000008ae80f3a98 mode 2
Event: 7.896 Thread 0x000001a56b927490 Uncommon trap: trap_request=0xffffffde fr.pc=0x000001a54fccbc30 relative=0x0000000000003350
Event: 7.896 Thread 0x000001a56b927490 Uncommon trap: reason=class_check action=maybe_recompile pc=0x000001a54fccbc30 method=kotlin.collections.CollectionsKt__MutableCollectionsKt.addAll(Ljava/util/Collection;Ljava/lang/Iterable;)Z @ 59 c2
Event: 7.896 Thread 0x000001a56b927490 DEOPT PACKING pc=0x000001a54fccbc30 sp=0x0000008ae80fe220
Event: 7.896 Thread 0x000001a56b927490 DEOPT UNPACKING pc=0x000001a54edc46a2 sp=0x0000008ae80fe240 mode 2
Event: 8.020 Thread 0x000001a56b927490 Uncommon trap: trap_request=0xffffffbe fr.pc=0x000001a54fe56290 relative=0x00000000000017f0
Event: 8.020 Thread 0x000001a56b927490 Uncommon trap: reason=profile_predicate action=maybe_recompile pc=0x000001a54fe56290 method=org.jetbrains.kotlin.resolve.OverridingUtil.createTypeCheckerState(Ljava/util/List;Ljava/util/List;)Lorg/jetbrains/kotlin/types/TypeCheckerState; @ 142 c2
Event: 8.020 Thread 0x000001a56b927490 DEOPT PACKING pc=0x000001a54fe56290 sp=0x0000008ae80fddf0
Event: 8.020 Thread 0x000001a56b927490 DEOPT UNPACKING pc=0x000001a54edc46a2 sp=0x0000008ae80fdde0 mode 2

Classes loaded (20 events):
Event: 3.519 Loading class java/util/stream/Nodes$SpinedNodeBuilder
Event: 3.519 Loading class java/util/stream/Nodes$SpinedNodeBuilder done
Event: 3.520 Loading class java/util/stream/SliceOps$1$1
Event: 3.520 Loading class java/util/stream/SliceOps$1$1 done
Event: 3.585 Loading class java/util/Comparators$NullComparator
Event: 3.585 Loading class java/util/Comparators$NullComparator done
Event: 3.585 Loading class java/util/Comparators$NaturalOrderComparator
Event: 3.585 Loading class java/util/Comparators$NaturalOrderComparator done
Event: 3.585 Loading class java/util/stream/SortedOps
Event: 3.585 Loading class java/util/stream/SortedOps done
Event: 3.585 Loading class java/util/stream/SortedOps$OfRef
Event: 3.586 Loading class java/util/stream/SortedOps$OfRef done
Event: 3.586 Loading class java/util/stream/SortedOps$RefSortingSink
Event: 3.586 Loading class java/util/stream/SortedOps$AbstractRefSortingSink
Event: 3.586 Loading class java/util/stream/SortedOps$AbstractRefSortingSink done
Event: 3.586 Loading class java/util/stream/SortedOps$RefSortingSink done
Event: 6.798 Loading class java/util/Collections$CopiesList
Event: 6.798 Loading class java/util/Collections$CopiesList done
Event: 7.390 Loading class java/util/function/IntBinaryOperator
Event: 7.390 Loading class java/util/function/IntBinaryOperator done

Classes unloaded (0 events):
No events

Classes redefined (0 events):
No events

Internal exceptions (20 events):
Event: 3.638 Thread 0x000001a56b927490 Implicit null exception at 0x000001a54fa69d73 to 0x000001a54fa6a294
Event: 3.675 Thread 0x000001a56b927490 Exception <a 'java/lang/NoSuchMethodError'{0x0000000708adaaa0}: 'java.lang.Object java.lang.invoke.DirectMethodHandle$Holder.newInvokeSpecial(java.lang.Object, int, java.lang.Object)'> (0x0000000708adaaa0) 
thrown [s\src\hotspot\share\interpreter\linkResolver.cpp, line 784]
Event: 3.759 Thread 0x000001a56b927490 Exception <a 'java/lang/NoSuchMethodError'{0x00000007086bf268}: 'java.lang.Object java.lang.invoke.DirectMethodHandle$Holder.invokeStatic(java.lang.Object, int, int, java.lang.Object)'> (0x00000007086bf268) 
thrown [s\src\hotspot\share\interpreter\linkResolver.cpp, line 784]
Event: 3.819 Thread 0x000001a56b927490 Exception <a 'java/lang/NoSuchMethodError'{0x000000070676ea58}: 'java.lang.Object java.lang.invoke.DirectMethodHandle$Holder.newInvokeSpecial(java.lang.Object, java.lang.Object, java.lang.Object, java.lang.Object, java.lang.Object, java.lang.Object, java.lang.Object, int, java.lang.Object)'> (0x000000070676ea58) 
thrown [s\src\hotspot\share\interpreter\linkResolver.cpp, line 784]
Event: 4.752 Thread 0x000001a56b927490 Implicit null exception at 0x000001a54fc0cb1f to 0x000001a54fc0db0c
Event: 5.097 Thread 0x000001a56b927490 Exception <a 'java/lang/NoSuchMethodError'{0x000000070b07b980}: 'java.lang.Object java.lang.invoke.DirectMethodHandle$Holder.invokeStatic(java.lang.Object, java.lang.Object, java.lang.Object, java.lang.Object, java.lang.Object, int, java.lang.Object)'> (0x000000070b07b980) 
thrown [s\src\hotspot\share\interpreter\linkResolver.cpp, line 784]
Event: 5.097 Thread 0x000001a56b927490 Exception <a 'java/lang/NoSuchMethodError'{0x000000070b084828}: 'java.lang.Object java.lang.invoke.DirectMethodHandle$Holder.newInvokeSpecial(java.lang.Object, java.lang.Object, java.lang.Object, java.lang.Object, java.lang.Object, int, java.lang.Object)'> (0x000000070b084828) 
thrown [s\src\hotspot\share\interpreter\linkResolver.cpp, line 784]
Event: 5.097 Thread 0x000001a56b927490 Exception <a 'java/lang/NoSuchMethodError'{0x000000070b088ce8}: 'java.lang.Object java.lang.invoke.DirectMethodHandle$Holder.invokeSpecial(java.lang.Object, java.lang.Object, java.lang.Object, java.lang.Object, java.lang.Object, java.lang.Object, int, java.lang.Object)'> (0x000000070b088ce8) 
thrown [s\src\hotspot\share\interpreter\linkResolver.cpp, line 784]
Event: 5.097 Thread 0x000001a56b927490 Exception <a 'java/lang/NoSuchMethodError'{0x000000070b08caf8}: 'java.lang.Object java.lang.invoke.Invokers$Holder.linkToTargetMethod(java.lang.Object, java.lang.Object, java.lang.Object, java.lang.Object, int, java.lang.Object, java.lang.Object)'> (0x000000070b08caf8) 
thrown [s\src\hotspot\share\interpreter\linkResolver.cpp, line 784]
Event: 5.376 Thread 0x000001a56b927490 Exception <a 'java/lang/NoSuchMethodError'{0x000000070b816160}: 'java.lang.Object java.lang.invoke.DirectMethodHandle$Holder.invokeStatic(java.lang.Object, java.lang.Object, int, java.lang.Object)'> (0x000000070b816160) 
thrown [s\src\hotspot\share\interpreter\linkResolver.cpp, line 784]
Event: 5.377 Thread 0x000001a56b927490 Exception <a 'java/lang/NoSuchMethodError'{0x000000070b81cdc0}: 'java.lang.Object java.lang.invoke.DirectMethodHandle$Holder.newInvokeSpecial(java.lang.Object, java.lang.Object, int, java.lang.Object)'> (0x000000070b81cdc0) 
thrown [s\src\hotspot\share\interpreter\linkResolver.cpp, line 784]
Event: 5.377 Thread 0x000001a56b927490 Exception <a 'java/lang/NoSuchMethodError'{0x000000070b820c80}: 'java.lang.Object java.lang.invoke.DirectMethodHandle$Holder.invokeSpecial(java.lang.Object, java.lang.Object, java.lang.Object, int, java.lang.Object)'> (0x000000070b820c80) 
thrown [s\src\hotspot\share\interpreter\linkResolver.cpp, line 784]
Event: 5.377 Thread 0x000001a56b927490 Exception <a 'java/lang/NoSuchMethodError'{0x000000070b824650}: 'java.lang.Object java.lang.invoke.Invokers$Holder.linkToTargetMethod(java.lang.Object, int, java.lang.Object, java.lang.Object)'> (0x000000070b824650) 
thrown [s\src\hotspot\share\interpreter\linkResolver.cpp, line 784]
Event: 5.464 Thread 0x000001a56b927490 Implicit null exception at 0x000001a54f8686a8 to 0x000001a54f8689ec
Event: 5.465 Thread 0x000001a56b927490 Implicit null exception at 0x000001a54f7dc29b to 0x000001a54f7dc35f
Event: 5.465 Thread 0x000001a56b927490 Implicit null exception at 0x000001a54f553c78 to 0x000001a54f553d15
Event: 5.466 Thread 0x000001a56b927490 Implicit null exception at 0x000001a54fa7ab98 to 0x000001a54fa7ac35
Event: 5.473 Thread 0x000001a56b927490 Implicit null exception at 0x000001a54fb5e1ca to 0x000001a54fb5ea2c
Event: 5.590 Thread 0x000001a56b927490 Exception <a 'java/lang/NoSuchMethodError'{0x000000070e9d5d20}: 'java.lang.Object java.lang.invoke.DirectMethodHandle$Holder.newInvokeSpecial(java.lang.Object, int, java.lang.Object, java.lang.Object)'> (0x000000070e9d5d20) 
thrown [s\src\hotspot\share\interpreter\linkResolver.cpp, line 784]
Event: 5.637 Thread 0x000001a56b927490 Implicit null exception at 0x000001a54fbbcd00 to 0x000001a54fbbcfb4

ZGC Phase Switch (0 events):
No events

VM Operations (20 events):
Event: 7.275 Executing VM operation: ICBufferFull
Event: 7.275 Executing VM operation: ICBufferFull done
Event: 7.370 Executing VM operation: ICBufferFull
Event: 7.370 Executing VM operation: ICBufferFull done
Event: 7.433 Executing VM operation: G1CollectForAllocation (G1 Evacuation Pause)
Event: 7.441 Executing VM operation: G1CollectForAllocation (G1 Evacuation Pause) done
Event: 7.626 Executing VM operation: ICBufferFull
Event: 7.626 Executing VM operation: ICBufferFull done
Event: 7.711 Executing VM operation: ICBufferFull
Event: 7.711 Executing VM operation: ICBufferFull done
Event: 7.718 Executing VM operation: G1CollectForAllocation (G1 Evacuation Pause)
Event: 7.723 Executing VM operation: G1CollectForAllocation (G1 Evacuation Pause) done
Event: 7.780 Executing VM operation: G1PauseRemark
Event: 7.784 Executing VM operation: G1PauseRemark done
Event: 7.800 Executing VM operation: G1PauseCleanup
Event: 7.800 Executing VM operation: G1PauseCleanup done
Event: 7.906 Executing VM operation: ICBufferFull
Event: 7.906 Executing VM operation: ICBufferFull done
Event: 8.031 Executing VM operation: G1CollectForAllocation (G1 Evacuation Pause)
Event: 8.037 Executing VM operation: G1CollectForAllocation (G1 Evacuation Pause) done

Memory protections (0 events):
No events

Nmethod flushes (20 events):
Event: 7.784 Thread 0x000001a55f54b870 flushing  nmethod 0x000001a54953aa90
Event: 7.784 Thread 0x000001a55f54b870 flushing  nmethod 0x000001a54953eb10
Event: 7.784 Thread 0x000001a55f54b870 flushing  nmethod 0x000001a54fde0a90
Event: 7.784 Thread 0x000001a55f54b870 flushing  nmethod 0x000001a54828b790
Event: 7.784 Thread 0x000001a55f54b870 flushing  nmethod 0x000001a54836db90
Event: 7.784 Thread 0x000001a55f54b870 flushing  nmethod 0x000001a54836df10
Event: 7.784 Thread 0x000001a55f54b870 flushing  nmethod 0x000001a54837ac10
Event: 7.784 Thread 0x000001a55f54b870 flushing  nmethod 0x000001a5485f1b90
Event: 7.784 Thread 0x000001a55f54b870 flushing  nmethod 0x000001a548762310
Event: 7.784 Thread 0x000001a55f54b870 flushing  nmethod 0x000001a548863410
Event: 7.784 Thread 0x000001a55f54b870 flushing  nmethod 0x000001a548de5890
Event: 7.784 Thread 0x000001a55f54b870 flushing  nmethod 0x000001a548ed8410
Event: 7.784 Thread 0x000001a55f54b870 flushing  nmethod 0x000001a548fa1110
Event: 7.784 Thread 0x000001a55f54b870 flushing  nmethod 0x000001a549072790
Event: 7.784 Thread 0x000001a55f54b870 flushing  nmethod 0x000001a549078c90
Event: 7.784 Thread 0x000001a55f54b870 flushing  nmethod 0x000001a54907c010
Event: 7.784 Thread 0x000001a55f54b870 flushing  nmethod 0x000001a549178210
Event: 7.784 Thread 0x000001a55f54b870 flushing  nmethod 0x000001a54928e290
Event: 7.784 Thread 0x000001a55f54b870 flushing  nmethod 0x000001a549337190
Event: 7.784 Thread 0x000001a55f54b870 flushing  nmethod 0x000001a549424710

Events (20 events):
Event: 0.165 Thread 0x000001a55fe20e50 Thread added: 0x000001a55fe21bf0
Event: 0.165 Thread 0x000001a55fe20e50 Thread added: 0x000001a55fe222c0
Event: 0.672 Thread 0x000001a55fe21bf0 Thread added: 0x000001a55fe200b0
Event: 1.100 Thread 0x000001a542392ce0 Thread added: 0x000001a56aae3250
Event: 1.101 Thread 0x000001a56aae3250 Thread exited: 0x000001a56aae3250
Event: 1.136 Thread 0x000001a55fe20e50 Thread added: 0x000001a5690ee470
Event: 1.136 Thread 0x000001a55fe20e50 Thread added: 0x000001a5690eb4c0
Event: 1.241 Thread 0x000001a542392ce0 Thread added: 0x000001a56bf24a20
Event: 1.241 Thread 0x000001a542392ce0 Thread exited: 0x000001a542392ce0
Event: 1.241 Thread 0x000001a542392ce0 Thread added: 0x000001a542392ce0
Event: 1.282 Thread 0x000001a56bf24a20 Thread added: 0x000001a56beac470
Event: 1.430 Loaded shared library C:\Users\raulg\AppData\Local\Temp\sqlite-3.41.2.1-d9dfa78c-2cc9-4b3a-b0df-eee96dd76f94-sqlitejdbc.dll
Event: 1.438 Thread 0x000001a5690eb4c0 Thread exited: 0x000001a5690eb4c0
Event: 1.625 Thread 0x000001a56beac470 Thread added: 0x000001a56b72cb60
Event: 1.669 Thread 0x000001a55fe18550 Thread added: 0x000001a5690ec930
Event: 1.670 Thread 0x000001a55fe18550 Thread added: 0x000001a5690eb4c0
Event: 1.671 Thread 0x000001a55fe21520 Thread added: 0x000001a5690ed000
Event: 1.671 Thread 0x000001a55fe21520 Thread added: 0x000001a5690f0d50
Event: 1.730 Thread 0x000001a56beac470 Thread added: 0x000001a56b927490
Event: 3.086 Thread 0x000001a56b927490 Thread added: 0x000001a56b926e00


Dynamic libraries:
0x00007ff681d50000 - 0x00007ff681d5a000 	C:\Program Files\Android\Android Studio\jbr\bin\java.exe
0x00007ffc36ea0000 - 0x00007ffc37106000 	C:\WINDOWS\SYSTEM32\ntdll.dll
0x00007ffc36290000 - 0x00007ffc36359000 	C:\WINDOWS\System32\KERNEL32.DLL
0x00007ffc34710000 - 0x00007ffc34adc000 	C:\WINDOWS\System32\KERNELBASE.dll
0x00007ffc34480000 - 0x00007ffc345cb000 	C:\WINDOWS\System32\ucrtbase.dll
0x00007ffc30b40000 - 0x00007ffc30b5b000 	C:\Program Files\Android\Android Studio\jbr\bin\VCRUNTIME140.dll
0x00007ffc19690000 - 0x00007ffc196a8000 	C:\Program Files\Android\Android Studio\jbr\bin\jli.dll
0x00007ffc35de0000 - 0x00007ffc35faa000 	C:\WINDOWS\System32\USER32.dll
0x00007ffc34170000 - 0x00007ffc34197000 	C:\WINDOWS\System32\win32u.dll
0x00007ffc36120000 - 0x00007ffc3614b000 	C:\WINDOWS\System32\GDI32.dll
0x00007ffc1c830000 - 0x00007ffc1caca000 	C:\WINDOWS\WinSxS\amd64_microsoft.windows.common-controls_6595b64144ccf1df_6.0.26100.3912_none_3e07963ce335137e\COMCTL32.dll
0x00007ffc34030000 - 0x00007ffc34162000 	C:\WINDOWS\System32\gdi32full.dll
0x00007ffc36920000 - 0x00007ffc369c9000 	C:\WINDOWS\System32\msvcrt.dll
0x00007ffc34660000 - 0x00007ffc34703000 	C:\WINDOWS\System32\msvcp_win.dll
0x00007ffc34d90000 - 0x00007ffc34dc0000 	C:\WINDOWS\System32\IMM32.DLL
0x00007ffc2f3e0000 - 0x00007ffc2f3ec000 	C:\Program Files\Android\Android Studio\jbr\bin\vcruntime140_1.dll
0x00007ffc06fd0000 - 0x00007ffc0705d000 	C:\Program Files\Android\Android Studio\jbr\bin\msvcp140.dll
0x00007ffbd4fb0000 - 0x00007ffbd5c3b000 	C:\Program Files\Android\Android Studio\jbr\bin\server\jvm.dll
0x00007ffc35b40000 - 0x00007ffc35bf2000 	C:\WINDOWS\System32\ADVAPI32.dll
0x00007ffc361e0000 - 0x00007ffc36286000 	C:\WINDOWS\System32\sechost.dll
0x00007ffc34c60000 - 0x00007ffc34d76000 	C:\WINDOWS\System32\RPCRT4.dll
0x00007ffc36360000 - 0x00007ffc363d4000 	C:\WINDOWS\System32\WS2_32.dll
0x00007ffc32fc0000 - 0x00007ffc3301e000 	C:\WINDOWS\SYSTEM32\POWRPROF.dll
0x00007ffc2c960000 - 0x00007ffc2c96b000 	C:\WINDOWS\SYSTEM32\VERSION.dll
0x00007ffc27920000 - 0x00007ffc27956000 	C:\WINDOWS\SYSTEM32\WINMM.dll
0x00007ffc32fa0000 - 0x00007ffc32fb4000 	C:\WINDOWS\SYSTEM32\UMPDC.dll
0x00007ffc32e60000 - 0x00007ffc32e7a000 	C:\WINDOWS\SYSTEM32\kernel.appcore.dll
0x00007ffc2f3d0000 - 0x00007ffc2f3da000 	C:\Program Files\Android\Android Studio\jbr\bin\jimage.dll
0x00007ffc31a60000 - 0x00007ffc31ca1000 	C:\WINDOWS\SYSTEM32\DBGHELP.DLL
0x00007ffc363e0000 - 0x00007ffc36764000 	C:\WINDOWS\System32\combase.dll
0x00007ffc34dd0000 - 0x00007ffc34eb0000 	C:\WINDOWS\System32\OLEAUT32.dll
0x00007ffc17560000 - 0x00007ffc17599000 	C:\WINDOWS\SYSTEM32\dbgcore.DLL
0x00007ffc34260000 - 0x00007ffc342f9000 	C:\WINDOWS\System32\bcryptPrimitives.dll
0x00007ffc2e340000 - 0x00007ffc2e360000 	C:\Program Files\Android\Android Studio\jbr\bin\java.dll
0x00007ffc19ad0000 - 0x00007ffc19ae8000 	C:\Program Files\Android\Android Studio\jbr\bin\zip.dll
0x00007ffc353f0000 - 0x00007ffc35b1d000 	C:\WINDOWS\System32\SHELL32.dll
0x00007ffc34ae0000 - 0x00007ffc34c54000 	C:\WINDOWS\System32\wintypes.dll
0x00007ffc31ce0000 - 0x00007ffc32536000 	C:\WINDOWS\SYSTEM32\windows.storage.dll
0x00007ffc36a50000 - 0x00007ffc36b3f000 	C:\WINDOWS\System32\SHCORE.dll
0x00007ffc35380000 - 0x00007ffc353e9000 	C:\WINDOWS\System32\shlwapi.dll
0x00007ffc33f40000 - 0x00007ffc33f6f000 	C:\WINDOWS\SYSTEM32\profapi.dll
0x00007ffc2f370000 - 0x00007ffc2f380000 	C:\Program Files\Android\Android Studio\jbr\bin\net.dll
0x00007ffc2d040000 - 0x00007ffc2d15e000 	C:\WINDOWS\SYSTEM32\WINHTTP.dll
0x00007ffc33480000 - 0x00007ffc334ea000 	C:\WINDOWS\system32\mswsock.dll
0x00007ffc19a40000 - 0x00007ffc19a56000 	C:\Program Files\Android\Android Studio\jbr\bin\nio.dll
0x00007ffc33720000 - 0x00007ffc3373c000 	C:\WINDOWS\SYSTEM32\CRYPTSP.dll
0x00007ffc32dc0000 - 0x00007ffc32dfa000 	C:\WINDOWS\system32\rsaenh.dll
0x00007ffc33520000 - 0x00007ffc3354b000 	C:\WINDOWS\SYSTEM32\USERENV.dll
0x00007ffc33f10000 - 0x00007ffc33f36000 	C:\WINDOWS\SYSTEM32\bcrypt.dll
0x00007ffc33740000 - 0x00007ffc3374c000 	C:\WINDOWS\SYSTEM32\CRYPTBASE.dll
0x00007ffc32830000 - 0x00007ffc32863000 	C:\WINDOWS\SYSTEM32\IPHLPAPI.DLL
0x00007ffc36150000 - 0x00007ffc3615a000 	C:\WINDOWS\System32\NSI.dll
0x00007ffc19b60000 - 0x00007ffc19b70000 	C:\Program Files\Android\Android Studio\jbr\bin\verify.dll
0x00007ffbd65d0000 - 0x00007ffbd66b9000 	C:\Users\raulg\AppData\Local\Temp\sqlite-3.41.2.1-d9dfa78c-2cc9-4b3a-b0df-eee96dd76f94-sqlitejdbc.dll

dbghelp: loaded successfully - version: 4.0.5 - missing functions: none
symbol engine: initialized successfully - sym options: 0x614 - pdb path: .;C:\Program Files\Android\Android Studio\jbr\bin;C:\WINDOWS\SYSTEM32;C:\WINDOWS\WinSxS\amd64_microsoft.windows.common-controls_6595b64144ccf1df_6.0.26100.3912_none_3e07963ce335137e;C:\Program Files\Android\Android Studio\jbr\bin\server;C:\Users\raulg\AppData\Local\Temp

VM Arguments:
jvm_args: -DkotlinLanguageServer.version=1.3.13 
java_command: org.javacs.kt.MainKt
java_class_path (initial): c:\Users\raulg\AppData\Roaming\Code\User\globalStorage\fwcd.kotlin\langServerInstall\server\lib\server-1.3.13.jar;c:\Users\raulg\AppData\Roaming\Code\User\globalStorage\fwcd.kotlin\langServerInstall\server\lib\shared-1.3.13.jar;c:\Users\raulg\AppData\Roaming\Code\User\globalStorage\fwcd.kotlin\langServerInstall\server\lib\kotlin-scripting-jvm-host-unshaded-2.1.0.jar;c:\Users\raulg\AppData\Roaming\Code\User\globalStorage\fwcd.kotlin\langServerInstall\server\lib\kotlin-scripting-compiler-2.1.0.jar;c:\Users\raulg\AppData\Roaming\Code\User\globalStorage\fwcd.kotlin\langServerInstall\server\lib\ktfmt-b5d31d1.jar;c:\Users\raulg\AppData\Roaming\Code\User\globalStorage\fwcd.kotlin\langServerInstall\server\lib\kotlin-compiler-2.1.0.jar;c:\Users\raulg\AppData\Roaming\Code\User\globalStorage\fwcd.kotlin\langServerInstall\server\lib\exposed-dao-0.37.3.jar;c:\Users\raulg\AppData\Roaming\Code\User\globalStorage\fwcd.kotlin\langServerInstall\server\lib\exposed-jdbc-0.37.3.jar;c:\Users\raulg\AppData\Roaming\Code\User\globalStorage\fwcd.kotlin\langServerInstall\server\lib\exposed-core-0.37.3.jar;c:\Users\raulg\AppData\Roaming\Code\User\globalStorage\fwcd.kotlin\langServerInstall\server\lib\kotlin-scripting-compiler-impl-2.1.0.jar;c:\Users\raulg\AppData\Roaming\Code\User\globalStorage\fwcd.kotlin\langServerInstall\server\lib\kotlin-reflect-2.1.0.jar;c:\Users\raulg\AppData\Roaming\Code\User\globalStorage\fwcd.kotlin\langServerInstall\server\lib\kotlin-scripting-jvm-2.1.0.jar;c:\Users\raulg\AppData\Roaming\Code\User\globalStorage\fwcd.kotlin\langServerInstall\server\lib\kotlin-scripting-common-2.1.0.jar;c:\Users\raulg\AppData\Roaming\Code\User\globalStorage\fwcd.kotlin\langServerInstall\server\lib\kotlinx-coroutines-core-jvm-1.6.4.jar;c:\Users\raulg\AppData\Roaming\Code\User\globalStorage\fwcd.kotlin\langServerInstall\server\lib\kotlin-stdlib-jdk8-2.1.0.jar;c:\Users\raulg\AppData\Roaming\Code\User\globalStorage\fwcd.kotlin\langServerInstall\server\lib\kotlin-stdlib-jdk7-2.1.0.jar;c:\Users\raulg\AppData\Roaming\Code\User\globalStorage\fwcd.kotlin\langServerInstall\server\lib\kotlin-stdlib-2.1.0.jar;c:\Users\raulg\AppData\Roaming\Code\User\globalStorage\fwcd.kotlin\langServerInstall\server\lib\org.eclipse.lsp4j-0.21.2.jar;c:\Users\raulg\AppData\Roaming\Code\User\globalStorage\fwcd.kotlin\langServerInstall\server\lib\org.eclipse.lsp4j.jsonrpc-0.21.2.jar;c:\Users\raulg\AppData\Roaming\Code\User\globalStorage\fwcd.kotlin\langServerInstall\server\lib\kotlin-sam-with-receiver-compiler-plugin-2.1.0.jar;c:\Users\raulg\AppData\Roaming\Code\User\globalStorage\fwcd.kotlin\langServerInstall\server\lib\fernflower-1.0.jar;c:\Users\raulg\AppData\Roaming\Code\User\globalStorage\fwcd.kotlin\langServerInstall\server\lib\h2-1.4.200.jar;c:\Users\raulg\AppData\Roaming\Code\User\globalStorage\fwcd.kotlin\langServerInstall\server\lib\jcommander-1.78.jar;c:\Users\raulg\AppData\Roaming\Code\User\globalStorage\fwcd.kotlin\langServerInstall\server\lib\sqlite-jdbc-3.41.2.1.jar;c:\Users\raulg\AppData\Roaming\Code\User\globalStorage\fwcd.kotlin\langServerInstall\server\lib\google-java-format-1.8.jar;c:\Users\raulg\AppData\Roaming\Code\User\globalStorage\fwcd.kotlin\langServerInstall\server\lib\guava-33.3.0-jre.jar;c:\Users\raulg\AppData\Roaming\Code\User\globalStorage\fwcd.kotlin\langServerInstall\server\lib\annotations-13.0.jar;c:\Users\raulg\AppData\Roaming\Code\User\globalStorage\fwcd.kotlin\langServerInstall\server\lib\gson-2.10.1.jar;c:\Users\raulg\AppData\Roaming\Code\User\globalStorage\fwcd.kotlin\langServerInstall\server\lib\kotlin-script-runtime-2.1.0.jar;c:\Users\raulg\AppData\Roaming\Code\User\globalStorage\fwcd.kotlin\langServerInstall\server\lib\trove4j-1.0.20200330.jar;c:\Users\raulg\AppData\Roaming\Code\User\globalStorage\fwcd.kotlin\langServerInstall\server\lib\jline-3.24.1.jar;c:\Users\raulg\AppData\Roaming\Code\User\globalStorage\fwcd.kotlin\langServerInstall\server\lib\slf4j-api-1.7.25.jar;c:\Users\raulg\AppData\Roaming\Code\User\globalStorage\fwcd.kotlin\langServerInstall\server\lib\jna-4.2.2.jar;c:\Users\raulg\AppData\Roaming\Code\User\globalStorage\fwcd.kotlin\langServerInstall\server\lib\failureaccess-1.0.2.jar;c:\Users\raulg\AppData\Roaming\Code\User\globalStorage\fwcd.kotlin\langServerInstall\server\lib\listenablefuture-9999.0-empty-to-avoid-conflict-with-guava.jar;c:\Users\raulg\AppData\Roaming\Code\User\globalStorage\fwcd.kotlin\langServerInstall\server\lib\jsr305-3.0.2.jar;c:\Users\raulg\AppData\Roaming\Code\User\globalStorage\fwcd.kotlin\langServerInstall\server\lib\checker-qual-3.43.0.jar;c:\Users\raulg\AppData\Roaming\Code\User\globalStorage\fwcd.kotlin\langServerInstall\server\lib\error_prone_annotations-2.28.0.jar
Launcher Type: SUN_STANDARD

[Global flags]
     intx CICompilerCount                          = 12                                        {product} {ergonomic}
     uint ConcGCThreads                            = 5                                         {product} {ergonomic}
     uint G1ConcRefinementThreads                  = 18                                        {product} {ergonomic}
   size_t G1HeapRegionSize                         = 2097152                                   {product} {ergonomic}
    uintx GCDrainStackTargetSize                   = 64                                        {product} {ergonomic}
   size_t InitialHeapSize                          = 268435456                                 {product} {ergonomic}
   size_t MarkStackSize                            = 4194304                                   {product} {ergonomic}
   size_t MaxHeapSize                              = 4267704320                                {product} {ergonomic}
   size_t MaxNewSize                               = 2560622592                                {product} {ergonomic}
   size_t MinHeapDeltaBytes                        = 2097152                                   {product} {ergonomic}
   size_t MinHeapSize                              = 8388608                                   {product} {ergonomic}
    uintx NonNMethodCodeHeapSize                   = 7602480                                {pd product} {ergonomic}
    uintx NonProfiledCodeHeapSize                  = 122027880                              {pd product} {ergonomic}
    uintx ProfiledCodeHeapSize                     = 122027880                              {pd product} {ergonomic}
    uintx ReservedCodeCacheSize                    = 251658240                              {pd product} {ergonomic}
     bool SegmentedCodeCache                       = true                                      {product} {ergonomic}
   size_t SoftMaxHeapSize                          = 4267704320                             {manageable} {ergonomic}
     bool UseCompressedOops                        = true                           {product lp64_product} {ergonomic}
     bool UseG1GC                                  = true                                      {product} {ergonomic}
     bool UseLargePagesIndividualAllocation        = false                                  {pd product} {ergonomic}

Logging:
Log output configuration:
 #0: stdout all=warning uptime,level,tags foldmultilines=false
 #1: stderr all=off uptime,level,tags foldmultilines=false

Environment Variables:
JAVA_HOME=C:\Program Files\Android\Android Studio\jbr
CLASSPATH=c:\Users\raulg\AppData\Roaming\Code\User\globalStorage\fwcd.kotlin\langServerInstall\server\lib\server-1.3.13.jar;c:\Users\raulg\AppData\Roaming\Code\User\globalStorage\fwcd.kotlin\langServerInstall\server\lib\shared-1.3.13.jar;c:\Users\raulg\AppData\Roaming\Code\User\globalStorage\fwcd.kotlin\langServerInstall\server\lib\kotlin-scripting-jvm-host-unshaded-2.1.0.jar;c:\Users\raulg\AppData\Roaming\Code\User\globalStorage\fwcd.kotlin\langServerInstall\server\lib\kotlin-scripting-compiler-2.1.0.jar;c:\Users\raulg\AppData\Roaming\Code\User\globalStorage\fwcd.kotlin\langServerInstall\server\lib\ktfmt-b5d31d1.jar;c:\Users\raulg\AppData\Roaming\Code\User\globalStorage\fwcd.kotlin\langServerInstall\server\lib\kotlin-compiler-2.1.0.jar;c:\Users\raulg\AppData\Roaming\Code\User\globalStorage\fwcd.kotlin\langServerInstall\server\lib\exposed-dao-0.37.3.jar;c:\Users\raulg\AppData\Roaming\Code\User\globalStorage\fwcd.kotlin\langServerInstall\server\lib\exposed-jdbc-0.37.3.jar;c:\Users\raulg\AppData\Roaming\Code\User\globalStorage\fwcd.kotlin\langServerInstall\server\lib\exposed-core-0.37.3.jar;c:\Users\raulg\AppData\Roaming\Code\User\globalStorage\fwcd.kotlin\langServerInstall\server\lib\kotlin-scripting-compiler-impl-2.1.0.jar;c:\Users\raulg\AppData\Roaming\Code\User\globalStorage\fwcd.kotlin\langServerInstall\server\lib\kotlin-reflect-2.1.0.jar;c:\Users\raulg\AppData\Roaming\Code\User\globalStorage\fwcd.kotlin\langServerInstall\server\lib\kotlin-scripting-jvm-2.1.0.jar;c:\Users\raulg\AppData\Roaming\Code\User\globalStorage\fwcd.kotlin\langServerInstall\server\lib\kotlin-scripting-common-2.1.0.jar;c:\Users\raulg\AppData\Roaming\Code\User\globalStorage\fwcd.kotlin\langServerInstall\server\lib\kotlinx-coroutines-core-jvm-1.6.4.jar;c:\Users\raulg\AppData\Roaming\Code\User\globalStorage\fwcd.kotlin\langServerInstall\server\lib\kotlin-stdlib-jdk8-2.1.0.jar;c:\Users\raulg\AppData\Roaming\Code\User\globalStorage\fwcd.kotlin\langServerInstall\server\lib\kotlin-stdlib-jdk7-2.1.0.jar;c:\Users\raulg\AppData\Roaming\Code\User\globalStorage\fwcd.kotlin\langServerInstall\server\lib\kotlin-stdlib-2.1.0.jar;c:\Users\raulg\AppData\Roaming\Code\User\globalStorage\fwcd.kotlin\langServerInstall\server\lib\org.eclipse.lsp4j-0.21.2.jar;c:\Users\raulg\AppData\Roaming\Code\User\globalStorage\fwcd.kotlin\langServerInstall\server\lib\org.eclipse.lsp4j.jsonrpc-0.21.2.jar;c:\Users\raulg\AppData\Roaming\Code\User\globalStorage\fwcd.kotlin\langServerInstall\server\lib\kotlin-sam-with-receiver-compiler-plugin-2.1.0.jar;c:\Users\raulg\AppData\Roaming\Code\User\globalStorage\fwcd.kotlin\langServerInstall\server\lib\fernflower-1.0.jar;c:\Users\raulg\AppData\Roaming\Code\User\globalStorage\fwcd.kotlin\langServerInstall\server\lib\h2-1.4.200.jar;c:\Users\raulg\AppData\Roaming\Code\User\globalStorage\fwcd.kotlin\langServerInstall\server\lib\jcommander-1.78.jar;c:\Users\raulg\AppData\Roaming\Code\User\globalStorage\fwcd.kotlin\langServerInstall\server\lib\sqlite-jdbc-3.41.2.1.jar;c:\Users\raulg\AppData\Roaming\Code\User\globalStorage\fwcd.kotlin\langServerInstall\server\lib\google-java-format-1.8.jar;c:\Users\raulg\AppData\Roaming\Code\User\globalStorage\fwcd.kotlin\langServerInstall\server\lib\guava-33.3.0-jre.jar;c:\Users\raulg\AppData\Roaming\Code\User\globalStorage\fwcd.kotlin\langServerInstall\server\lib\annotations-13.0.jar;c:\Users\raulg\AppData\Roaming\Code\User\globalStorage\fwcd.kotlin\langServerInstall\server\lib\gson-2.10.1.jar;c:\Users\raulg\AppData\Roaming\Code\User\globalStorage\fwcd.kotlin\langServerInstall\server\lib\kotlin-script-runtime-2.1.0.jar;c:\Users\raulg\AppData\Roaming\Code\User\globalStorage\fwcd.kotlin\langServerInstall\server\lib\trove4j-1.0.20200330.jar;c:\Users\raulg\AppData\Roaming\Code\User\globalStorage\fwcd.kotlin\langServerInstall\server\lib\jline-3.24.1.jar;c:\Users\raulg\AppData\Roaming\Code\User\globalStorage\fwcd.kotlin\langServerInstall\server\lib\slf4j-api-1.7.25.jar;c:\Users\raulg\AppData\Roaming\Code\User\globalStorage\fwcd.kotlin\langServerInstall\server\lib\jna-4.2.2.jar;c:\Users\raulg\AppData\Roaming\Code\User\globalStorage\fwcd.kotlin\langServerInstall\server\lib\failureaccess-1.0.2.jar;c:\Users\raulg\AppData\Roaming\Code\User\globalStorage\fwcd.kotlin\langServerInstall\server\lib\listenablefuture-9999.0-empty-to-avoid-conflict-with-guava.jar;c:\Users\raulg\AppData\Roaming\Code\User\globalStorage\fwcd.kotlin\langServerInstall\server\lib\jsr305-3.0.2.jar;c:\Users\raulg\AppData\Roaming\Code\User\globalStorage\fwcd.kotlin\langServerInstall\server\lib\checker-qual-3.43.0.jar;c:\Users\raulg\AppData\Roaming\Code\User\globalStorage\fwcd.kotlin\langServerInstall\server\lib\error_prone_annotations-2.28.0.jar
PATH=C:\WINDOWS\system32;C:\WINDOWS;C:\WINDOWS\System32\Wbem;C:\WINDOWS\System32\WindowsPowerShell\v1.0\;C:\WINDOWS\System32\OpenSSH\;C:\Program Files\NVIDIA Corporation\NVIDIA App\NvDLISR;C:\Program Files (x86)\NVIDIA Corporation\PhysX\Common;C:\Program Files\dotnet\;C:\Program Files\Android\Android Studio\jbr\bin;C:\Program Files\MySQL\MySQL Shell 8.0\bin\;C:\Users\raulg\AppData\Local\Microsoft\WindowsApps;C:\Users\raulg\AppData\Local\Programs\Microsoft VS Code\bin
USERNAME=raulg
OS=Windows_NT
PROCESSOR_IDENTIFIER=AMD64 Family 25 Model 33 Stepping 2, AuthenticAMD
TMP=C:\Users\raulg\AppData\Local\Temp
TEMP=C:\Users\raulg\AppData\Local\Temp




Periodic native trim disabled

JNI global refs:
JNI global refs: 33, weak refs: 10

JNI global refs memory usage: 835, weak refs: 833

Process memory usage:
Resident Set Size: 700168K (4% of 16663040K total physical memory with 3084880K free physical memory)

OOME stack traces (most recent first):
Classloader memory used:
Loader jdk.internal.loader.ClassLoaders$AppClassLoader                                 : 71962K
Loader bootstrap                                                                       : 18508K
Loader jdk.internal.loader.ClassLoaders$PlatformClassLoader                            : 390K
Loader jdk.internal.jrtfs.JrtFileSystemProvider$JrtFsLoader                            : 342K

Classes loaded by more than one classloader:
Class jdk.internal.jimage.BasicImageReader                                            : loaded 2 times (x 91B)
Class jdk.internal.jimage.decompressor.StringSharingDecompressorFactory               : loaded 2 times (x 70B)
Class jdk.internal.jrtfs.JrtFileSystemProvider                                        : loaded 2 times (x 97B)
Class jdk.internal.jimage.ImageLocation                                               : loaded 2 times (x 86B)
Class jdk.internal.jimage.ImageBufferCache$1                                          : loaded 2 times (x 79B)
Class jdk.internal.jimage.ImageBufferCache$2                                          : loaded 2 times (x 87B)
Class jdk.internal.jimage.ImageHeader                                                 : loaded 2 times (x 67B)
Class jdk.internal.jimage.decompressor.ResourceDecompressor                           : loaded 2 times (x 66B)
Class jdk.internal.jimage.ImageStringsReader                                          : loaded 2 times (x 76B)
Class jdk.internal.jimage.ImageReader                                                 : loaded 2 times (x 71B)
Class jdk.internal.jimage.ImageReader$SharedImageReader                               : loaded 2 times (x 91B)
Class jdk.internal.jimage.decompressor.ResourceDecompressorFactory                    : loaded 2 times (x 70B)
Class jdk.internal.jimage.ImageReader$Node                                            : loaded 2 times (x 80B)
Class jdk.internal.jimage.BasicImageReader$1                                          : loaded 2 times (x 73B)
Class jdk.internal.jimage.decompressor.Decompressor                                   : loaded 2 times (x 68B)
Class jdk.internal.jimage.ImageBufferCache                                            : loaded 2 times (x 67B)
Class jdk.internal.jrtfs.JrtPath                                                      : loaded 2 times (x 114B)
Class jdk.internal.jimage.decompressor.ResourceDecompressorRepository                 : loaded 2 times (x 67B)
Class jdk.internal.jimage.ImageReader$Directory                                       : loaded 2 times (x 80B)
Class jdk.internal.jimage.decompressor.ZipDecompressorFactory                         : loaded 2 times (x 70B)
Class jdk.internal.jimage.decompressor.ZipDecompressor                                : loaded 2 times (x 71B)
Class jdk.internal.jimage.ImageStrings                                                : loaded 2 times (x 66B)
Class jdk.internal.jrtfs.JrtFileSystem                                                : loaded 2 times (x 98B)
Class jdk.internal.jimage.decompressor.CompressedResourceHeader                       : loaded 2 times (x 67B)
Class jdk.internal.jimage.decompressor.ResourceDecompressor$StringsProvider           : loaded 2 times (x 66B)

---------------  S Y S T E M  ---------------

OS:
 Windows 11 , 64 bit Build 26100 (10.0.26100.3912)
OS uptime: 0 days 4:32 hours

CPU: total 24 (initial active 24) (24 cores per cpu, 2 threads per core) family 25 model 33 stepping 2 microcode 0xa201210, cx8, cmov, fxsr, ht, mmx, 3dnowpref, sse, sse2, sse3, ssse3, sse4a, sse4.1, sse4.2, popcnt, lzcnt, tsc, tscinvbit, avx, avx2, aes, erms, clmul, bmi1, bmi2, adx, sha, fma, vzeroupper, clflush, clflushopt, rdtscp, rdpid, fsrm, f16c, pku, cet_ss
Processor Information for the first 24 processors :
  Max Mhz: 3701, Current Mhz: 3701, Mhz Limit: 3701

Memory: 4k page, system-wide physical 16272M (3015M free)
TotalPageFile size 28560M (AvailPageFile size 8775M)
current process WorkingSet (physical memory assigned to process): 681M, peak: 690M
current process commit charge ("private bytes"): 734M, peak: 743M

vm_info: OpenJDK 64-Bit Server VM (21.0.6+-13355223-b631.42) for windows-amd64 JRE (21.0.6+-13355223-b631.42), built on 2025-04-14T18:21:23Z by "builder" with MS VC++ 16.10 / 16.11 (VS2019)

END.
